ARM GAS  C:\Users\pc\AppData\Local\Temp\ccHlUvJh.s 			page 1


   1              		.cpu cortex-m4
   2              		.arch armv7e-m
   3              		.fpu fpv4-sp-d16
   4              		.eabi_attribute 27, 1
   5              		.eabi_attribute 28, 1
   6              		.eabi_attribute 20, 1
   7              		.eabi_attribute 21, 1
   8              		.eabi_attribute 23, 3
   9              		.eabi_attribute 24, 1
  10              		.eabi_attribute 25, 1
  11              		.eabi_attribute 26, 1
  12              		.eabi_attribute 30, 1
  13              		.eabi_attribute 34, 1
  14              		.eabi_attribute 18, 4
  15              		.file	"bmp180_for_stm32_hal.c"
  16              		.text
  17              	.Ltext0:
  18              		.cfi_sections	.debug_frame
  19              		.file 1 "Core/Src/bmp180_for_stm32_hal.c"
  20              		.section	.text.BMP180_Init,"ax",%progbits
  21              		.align	1
  22              		.global	BMP180_Init
  23              		.syntax unified
  24              		.thumb
  25              		.thumb_func
  27              	BMP180_Init:
  28              	.LVL0:
  29              	.LFB130:
   1:Core/Src/bmp180_for_stm32_hal.c **** /* An STM32 HAL library written for the BMP180 temperature/pressure sensor. */
   2:Core/Src/bmp180_for_stm32_hal.c **** /* Libraries by @eepj www.github.com/eepj */
   3:Core/Src/bmp180_for_stm32_hal.c **** #include "bmp180_for_stm32_hal.h"
   4:Core/Src/bmp180_for_stm32_hal.c **** #include "main.h"
   5:Core/Src/bmp180_for_stm32_hal.c **** 
   6:Core/Src/bmp180_for_stm32_hal.c **** #ifdef __cplusplus
   7:Core/Src/bmp180_for_stm32_hal.c **** extern "C"{
   8:Core/Src/bmp180_for_stm32_hal.c **** #endif
   9:Core/Src/bmp180_for_stm32_hal.c **** 
  10:Core/Src/bmp180_for_stm32_hal.c **** I2C_HandleTypeDef *_bmp180_ui2c;
  11:Core/Src/bmp180_for_stm32_hal.c **** BMP180_EEPROM _bmp180_eeprom;
  12:Core/Src/bmp180_for_stm32_hal.c **** BMP180_OSS _bmp180_oss;
  13:Core/Src/bmp180_for_stm32_hal.c **** 
  14:Core/Src/bmp180_for_stm32_hal.c **** const uint8_t BMP180_EEPROM_ADDR_MSB[11] = { 0xaa, 0xac, 0xae, 0xb0, 0xb2, 0xb4, 0xb6, 0xb8, 0xba, 
  15:Core/Src/bmp180_for_stm32_hal.c **** const uint8_t BMP180_EEPROM_ADDR_LSB[11] = { 0xab, 0xad, 0xaf, 0xb1, 0xb3, 0xb5, 0xb7, 0xb9, 0xbb, 
  16:Core/Src/bmp180_for_stm32_hal.c **** 
  17:Core/Src/bmp180_for_stm32_hal.c **** const uint8_t BMP180_CMD_TEMP = 0x2e;
  18:Core/Src/bmp180_for_stm32_hal.c **** const uint8_t BMP180_DELAY_TEMP = 5;
  19:Core/Src/bmp180_for_stm32_hal.c **** const uint8_t BMP180_CMD_PRES[4] = { 0x34, 0x74, 0xb4, 0xf4 };
  20:Core/Src/bmp180_for_stm32_hal.c **** const uint8_t BMP180_DELAY_PRES[4] = { 5, 8, 14, 26 };
  21:Core/Src/bmp180_for_stm32_hal.c **** 
  22:Core/Src/bmp180_for_stm32_hal.c **** /**
  23:Core/Src/bmp180_for_stm32_hal.c ****  * @brief Initializes the BMP180 temperature/pressure sensor.
  24:Core/Src/bmp180_for_stm32_hal.c ****  * @param hi2c User I2C handle pointer.
  25:Core/Src/bmp180_for_stm32_hal.c ****  */
  26:Core/Src/bmp180_for_stm32_hal.c **** void BMP180_Init(I2C_HandleTypeDef *hi2c) {
  30              		.loc 1 26 43 view -0
  31              		.cfi_startproc
  32              		@ args = 0, pretend = 0, frame = 0
ARM GAS  C:\Users\pc\AppData\Local\Temp\ccHlUvJh.s 			page 2


  33              		@ frame_needed = 0, uses_anonymous_args = 0
  34              		@ link register save eliminated.
  27:Core/Src/bmp180_for_stm32_hal.c **** 	_bmp180_ui2c = hi2c;
  35              		.loc 1 27 2 view .LVU1
  36              		.loc 1 27 15 is_stmt 0 view .LVU2
  37 0000 014B     		ldr	r3, .L2
  38 0002 1860     		str	r0, [r3]
  28:Core/Src/bmp180_for_stm32_hal.c **** }
  39              		.loc 1 28 1 view .LVU3
  40 0004 7047     		bx	lr
  41              	.L3:
  42 0006 00BF     		.align	2
  43              	.L2:
  44 0008 00000000 		.word	_bmp180_ui2c
  45              		.cfi_endproc
  46              	.LFE130:
  48              		.section	.text.BMP180_SetOversampling,"ax",%progbits
  49              		.align	1
  50              		.global	BMP180_SetOversampling
  51              		.syntax unified
  52              		.thumb
  53              		.thumb_func
  55              	BMP180_SetOversampling:
  56              	.LVL1:
  57              	.LFB131:
  29:Core/Src/bmp180_for_stm32_hal.c **** 
  30:Core/Src/bmp180_for_stm32_hal.c **** /**
  31:Core/Src/bmp180_for_stm32_hal.c ****  * @param oss Enum, oversampling setting.
  32:Core/Src/bmp180_for_stm32_hal.c ****  * @note Available resolutions: BMP180_LOW, BMP180_STANDARD, BMP180_HIGH, BMP180_ULTRA.
  33:Core/Src/bmp180_for_stm32_hal.c ****  * @note Refer to section 3.3.1 of datasheet.
  34:Core/Src/bmp180_for_stm32_hal.c ****  */
  35:Core/Src/bmp180_for_stm32_hal.c **** void BMP180_SetOversampling(BMP180_OSS oss) {
  58              		.loc 1 35 45 is_stmt 1 view -0
  59              		.cfi_startproc
  60              		@ args = 0, pretend = 0, frame = 0
  61              		@ frame_needed = 0, uses_anonymous_args = 0
  62              		@ link register save eliminated.
  36:Core/Src/bmp180_for_stm32_hal.c **** 	_bmp180_oss = oss;
  63              		.loc 1 36 2 view .LVU5
  64              		.loc 1 36 14 is_stmt 0 view .LVU6
  65 0000 014B     		ldr	r3, .L5
  66 0002 1870     		strb	r0, [r3]
  37:Core/Src/bmp180_for_stm32_hal.c **** }
  67              		.loc 1 37 1 view .LVU7
  68 0004 7047     		bx	lr
  69              	.L6:
  70 0006 00BF     		.align	2
  71              	.L5:
  72 0008 00000000 		.word	_bmp180_oss
  73              		.cfi_endproc
  74              	.LFE131:
  76              		.section	.text.BMP180_WriteReg,"ax",%progbits
  77              		.align	1
  78              		.global	BMP180_WriteReg
  79              		.syntax unified
  80              		.thumb
  81              		.thumb_func
ARM GAS  C:\Users\pc\AppData\Local\Temp\ccHlUvJh.s 			page 3


  83              	BMP180_WriteReg:
  84              	.LVL2:
  85              	.LFB133:
  38:Core/Src/bmp180_for_stm32_hal.c **** 
  39:Core/Src/bmp180_for_stm32_hal.c **** /**
  40:Core/Src/bmp180_for_stm32_hal.c ****  * @brief Updates calibration data.
  41:Core/Src/bmp180_for_stm32_hal.c ****  * @note Must be called once before main loop.
  42:Core/Src/bmp180_for_stm32_hal.c ****  */
  43:Core/Src/bmp180_for_stm32_hal.c **** void BMP180_UpdateCalibrationData(void) {
  44:Core/Src/bmp180_for_stm32_hal.c **** 	_bmp180_eeprom.BMP180_AC1 = (BMP180_ReadReg(BMP180_EEPROM_ADDR_MSB[BMP180_INDEX_AC1]) << 8) | BMP1
  45:Core/Src/bmp180_for_stm32_hal.c **** 	_bmp180_eeprom.BMP180_AC2 = (BMP180_ReadReg(BMP180_EEPROM_ADDR_MSB[BMP180_INDEX_AC2]) << 8) | BMP1
  46:Core/Src/bmp180_for_stm32_hal.c **** 	_bmp180_eeprom.BMP180_AC3 = (BMP180_ReadReg(BMP180_EEPROM_ADDR_MSB[BMP180_INDEX_AC3]) << 8) | BMP1
  47:Core/Src/bmp180_for_stm32_hal.c **** 	_bmp180_eeprom.BMP180_AC4 = (BMP180_ReadReg(BMP180_EEPROM_ADDR_MSB[BMP180_INDEX_AC4]) << 8) | BMP1
  48:Core/Src/bmp180_for_stm32_hal.c **** 	_bmp180_eeprom.BMP180_AC5 = (BMP180_ReadReg(BMP180_EEPROM_ADDR_MSB[BMP180_INDEX_AC5]) << 8) | BMP1
  49:Core/Src/bmp180_for_stm32_hal.c **** 	_bmp180_eeprom.BMP180_AC6 = (BMP180_ReadReg(BMP180_EEPROM_ADDR_MSB[BMP180_INDEX_AC6]) << 8) | BMP1
  50:Core/Src/bmp180_for_stm32_hal.c **** 	_bmp180_eeprom.BMP180_B1 = (BMP180_ReadReg(BMP180_EEPROM_ADDR_MSB[BMP180_INDEX_B1]) << 8) | BMP180
  51:Core/Src/bmp180_for_stm32_hal.c **** 	_bmp180_eeprom.BMP180_B2 = (BMP180_ReadReg(BMP180_EEPROM_ADDR_MSB[BMP180_INDEX_B2]) << 8) | BMP180
  52:Core/Src/bmp180_for_stm32_hal.c **** 	_bmp180_eeprom.BMP180_MB = (BMP180_ReadReg(BMP180_EEPROM_ADDR_MSB[BMP180_INDEX_MB]) << 8) | BMP180
  53:Core/Src/bmp180_for_stm32_hal.c **** 	_bmp180_eeprom.BMP180_MC = (BMP180_ReadReg(BMP180_EEPROM_ADDR_MSB[BMP180_INDEX_MC]) << 8) | BMP180
  54:Core/Src/bmp180_for_stm32_hal.c **** 	_bmp180_eeprom.BMP180_MD = (BMP180_ReadReg(BMP180_EEPROM_ADDR_MSB[BMP180_INDEX_MD]) << 8) | BMP180
  55:Core/Src/bmp180_for_stm32_hal.c **** }
  56:Core/Src/bmp180_for_stm32_hal.c **** 
  57:Core/Src/bmp180_for_stm32_hal.c **** /**
  58:Core/Src/bmp180_for_stm32_hal.c ****  * @brief Writes to a specific register.
  59:Core/Src/bmp180_for_stm32_hal.c ****  * @param reg Address of register to write to.
  60:Core/Src/bmp180_for_stm32_hal.c ****  * @param cmd Byte to write.
  61:Core/Src/bmp180_for_stm32_hal.c ****  */
  62:Core/Src/bmp180_for_stm32_hal.c **** void BMP180_WriteReg(uint8_t reg, uint8_t cmd) {
  86              		.loc 1 62 48 is_stmt 1 view -0
  87              		.cfi_startproc
  88              		@ args = 0, pretend = 0, frame = 8
  89              		@ frame_needed = 0, uses_anonymous_args = 0
  90              		.loc 1 62 48 is_stmt 0 view .LVU9
  91 0000 00B5     		push	{lr}
  92              	.LCFI0:
  93              		.cfi_def_cfa_offset 4
  94              		.cfi_offset 14, -4
  95 0002 85B0     		sub	sp, sp, #20
  96              	.LCFI1:
  97              		.cfi_def_cfa_offset 24
  63:Core/Src/bmp180_for_stm32_hal.c **** 	uint8_t arr[2] = { reg, cmd };
  98              		.loc 1 63 2 is_stmt 1 view .LVU10
  99              		.loc 1 63 10 is_stmt 0 view .LVU11
 100 0004 8DF80C00 		strb	r0, [sp, #12]
 101 0008 8DF80D10 		strb	r1, [sp, #13]
  64:Core/Src/bmp180_for_stm32_hal.c **** 	HAL_I2C_Master_Transmit(_bmp180_ui2c, BMP180_I2C_ADDR << 1, arr, 2, BMP180_I2C_TIMEOUT);
 102              		.loc 1 64 2 is_stmt 1 view .LVU12
 103 000c 4FF47A73 		mov	r3, #1000
 104 0010 0093     		str	r3, [sp]
 105 0012 0223     		movs	r3, #2
 106 0014 03AA     		add	r2, sp, #12
 107 0016 EE21     		movs	r1, #238
 108              	.LVL3:
 109              		.loc 1 64 2 is_stmt 0 view .LVU13
 110 0018 0348     		ldr	r0, .L9
 111              	.LVL4:
 112              		.loc 1 64 2 view .LVU14
ARM GAS  C:\Users\pc\AppData\Local\Temp\ccHlUvJh.s 			page 4


 113 001a 0068     		ldr	r0, [r0]
 114 001c FFF7FEFF 		bl	HAL_I2C_Master_Transmit
 115              	.LVL5:
  65:Core/Src/bmp180_for_stm32_hal.c **** }
 116              		.loc 1 65 1 view .LVU15
 117 0020 05B0     		add	sp, sp, #20
 118              	.LCFI2:
 119              		.cfi_def_cfa_offset 4
 120              		@ sp needed
 121 0022 5DF804FB 		ldr	pc, [sp], #4
 122              	.L10:
 123 0026 00BF     		.align	2
 124              	.L9:
 125 0028 00000000 		.word	_bmp180_ui2c
 126              		.cfi_endproc
 127              	.LFE133:
 129              		.section	.text.BMP180_ReadReg,"ax",%progbits
 130              		.align	1
 131              		.global	BMP180_ReadReg
 132              		.syntax unified
 133              		.thumb
 134              		.thumb_func
 136              	BMP180_ReadReg:
 137              	.LVL6:
 138              	.LFB134:
  66:Core/Src/bmp180_for_stm32_hal.c **** 
  67:Core/Src/bmp180_for_stm32_hal.c **** /**
  68:Core/Src/bmp180_for_stm32_hal.c ****  * @brief Reads from a specific register.
  69:Core/Src/bmp180_for_stm32_hal.c ****  * @param reg Address of register to read from.
  70:Core/Src/bmp180_for_stm32_hal.c ****  * @return Byte read.
  71:Core/Src/bmp180_for_stm32_hal.c ****  */
  72:Core/Src/bmp180_for_stm32_hal.c **** uint8_t BMP180_ReadReg(uint8_t reg) {
 139              		.loc 1 72 37 is_stmt 1 view -0
 140              		.cfi_startproc
 141              		@ args = 0, pretend = 0, frame = 16
 142              		@ frame_needed = 0, uses_anonymous_args = 0
 143              		.loc 1 72 37 is_stmt 0 view .LVU17
 144 0000 30B5     		push	{r4, r5, lr}
 145              	.LCFI3:
 146              		.cfi_def_cfa_offset 12
 147              		.cfi_offset 4, -12
 148              		.cfi_offset 5, -8
 149              		.cfi_offset 14, -4
 150 0002 87B0     		sub	sp, sp, #28
 151              	.LCFI4:
 152              		.cfi_def_cfa_offset 40
 153 0004 8DF80F00 		strb	r0, [sp, #15]
  73:Core/Src/bmp180_for_stm32_hal.c **** 	HAL_I2C_Master_Transmit(_bmp180_ui2c, BMP180_I2C_ADDR << 1, &reg, 1, BMP180_I2C_TIMEOUT);
 154              		.loc 1 73 2 is_stmt 1 view .LVU18
 155 0008 0B4C     		ldr	r4, .L13
 156 000a 4FF47A75 		mov	r5, #1000
 157 000e 0095     		str	r5, [sp]
 158 0010 0123     		movs	r3, #1
 159 0012 0DF10F02 		add	r2, sp, #15
 160 0016 EE21     		movs	r1, #238
 161 0018 2068     		ldr	r0, [r4]
 162              	.LVL7:
ARM GAS  C:\Users\pc\AppData\Local\Temp\ccHlUvJh.s 			page 5


 163              		.loc 1 73 2 is_stmt 0 view .LVU19
 164 001a FFF7FEFF 		bl	HAL_I2C_Master_Transmit
 165              	.LVL8:
  74:Core/Src/bmp180_for_stm32_hal.c **** 	uint8_t result;
 166              		.loc 1 74 2 is_stmt 1 view .LVU20
  75:Core/Src/bmp180_for_stm32_hal.c **** 	HAL_I2C_Master_Receive(_bmp180_ui2c, BMP180_I2C_ADDR << 1, &result, 1, BMP180_I2C_TIMEOUT);
 167              		.loc 1 75 2 view .LVU21
 168 001e 0095     		str	r5, [sp]
 169 0020 0123     		movs	r3, #1
 170 0022 0DF11702 		add	r2, sp, #23
 171 0026 EE21     		movs	r1, #238
 172 0028 2068     		ldr	r0, [r4]
 173 002a FFF7FEFF 		bl	HAL_I2C_Master_Receive
 174              	.LVL9:
  76:Core/Src/bmp180_for_stm32_hal.c **** 	return result;
 175              		.loc 1 76 2 view .LVU22
  77:Core/Src/bmp180_for_stm32_hal.c **** }
 176              		.loc 1 77 1 is_stmt 0 view .LVU23
 177 002e 9DF81700 		ldrb	r0, [sp, #23]	@ zero_extendqisi2
 178 0032 07B0     		add	sp, sp, #28
 179              	.LCFI5:
 180              		.cfi_def_cfa_offset 12
 181              		@ sp needed
 182 0034 30BD     		pop	{r4, r5, pc}
 183              	.L14:
 184 0036 00BF     		.align	2
 185              	.L13:
 186 0038 00000000 		.word	_bmp180_ui2c
 187              		.cfi_endproc
 188              	.LFE134:
 190              		.section	.text.BMP180_UpdateCalibrationData,"ax",%progbits
 191              		.align	1
 192              		.global	BMP180_UpdateCalibrationData
 193              		.syntax unified
 194              		.thumb
 195              		.thumb_func
 197              	BMP180_UpdateCalibrationData:
 198              	.LFB132:
  43:Core/Src/bmp180_for_stm32_hal.c **** 	_bmp180_eeprom.BMP180_AC1 = (BMP180_ReadReg(BMP180_EEPROM_ADDR_MSB[BMP180_INDEX_AC1]) << 8) | BMP1
 199              		.loc 1 43 41 is_stmt 1 view -0
 200              		.cfi_startproc
 201              		@ args = 0, pretend = 0, frame = 0
 202              		@ frame_needed = 0, uses_anonymous_args = 0
 203 0000 38B5     		push	{r3, r4, r5, lr}
 204              	.LCFI6:
 205              		.cfi_def_cfa_offset 16
 206              		.cfi_offset 3, -16
 207              		.cfi_offset 4, -12
 208              		.cfi_offset 5, -8
 209              		.cfi_offset 14, -4
  44:Core/Src/bmp180_for_stm32_hal.c **** 	_bmp180_eeprom.BMP180_AC2 = (BMP180_ReadReg(BMP180_EEPROM_ADDR_MSB[BMP180_INDEX_AC2]) << 8) | BMP1
 210              		.loc 1 44 2 view .LVU25
  44:Core/Src/bmp180_for_stm32_hal.c **** 	_bmp180_eeprom.BMP180_AC2 = (BMP180_ReadReg(BMP180_EEPROM_ADDR_MSB[BMP180_INDEX_AC2]) << 8) | BMP1
 211              		.loc 1 44 31 is_stmt 0 view .LVU26
 212 0002 AA20     		movs	r0, #170
 213 0004 FFF7FEFF 		bl	BMP180_ReadReg
 214              	.LVL10:
ARM GAS  C:\Users\pc\AppData\Local\Temp\ccHlUvJh.s 			page 6


  44:Core/Src/bmp180_for_stm32_hal.c **** 	_bmp180_eeprom.BMP180_AC2 = (BMP180_ReadReg(BMP180_EEPROM_ADDR_MSB[BMP180_INDEX_AC2]) << 8) | BMP1
 215              		.loc 1 44 88 view .LVU27
 216 0008 0402     		lsls	r4, r0, #8
  44:Core/Src/bmp180_for_stm32_hal.c **** 	_bmp180_eeprom.BMP180_AC2 = (BMP180_ReadReg(BMP180_EEPROM_ADDR_MSB[BMP180_INDEX_AC2]) << 8) | BMP1
 217              		.loc 1 44 96 view .LVU28
 218 000a AB20     		movs	r0, #171
 219 000c FFF7FEFF 		bl	BMP180_ReadReg
 220              	.LVL11:
 221 0010 00B2     		sxth	r0, r0
  44:Core/Src/bmp180_for_stm32_hal.c **** 	_bmp180_eeprom.BMP180_AC2 = (BMP180_ReadReg(BMP180_EEPROM_ADDR_MSB[BMP180_INDEX_AC2]) << 8) | BMP1
 222              		.loc 1 44 94 view .LVU29
 223 0012 2043     		orrs	r0, r0, r4
  44:Core/Src/bmp180_for_stm32_hal.c **** 	_bmp180_eeprom.BMP180_AC2 = (BMP180_ReadReg(BMP180_EEPROM_ADDR_MSB[BMP180_INDEX_AC2]) << 8) | BMP1
 224              		.loc 1 44 28 view .LVU30
 225 0014 334C     		ldr	r4, .L17
 226 0016 2080     		strh	r0, [r4]	@ movhi
  45:Core/Src/bmp180_for_stm32_hal.c **** 	_bmp180_eeprom.BMP180_AC3 = (BMP180_ReadReg(BMP180_EEPROM_ADDR_MSB[BMP180_INDEX_AC3]) << 8) | BMP1
 227              		.loc 1 45 2 is_stmt 1 view .LVU31
  45:Core/Src/bmp180_for_stm32_hal.c **** 	_bmp180_eeprom.BMP180_AC3 = (BMP180_ReadReg(BMP180_EEPROM_ADDR_MSB[BMP180_INDEX_AC3]) << 8) | BMP1
 228              		.loc 1 45 31 is_stmt 0 view .LVU32
 229 0018 AC20     		movs	r0, #172
 230 001a FFF7FEFF 		bl	BMP180_ReadReg
 231              	.LVL12:
  45:Core/Src/bmp180_for_stm32_hal.c **** 	_bmp180_eeprom.BMP180_AC3 = (BMP180_ReadReg(BMP180_EEPROM_ADDR_MSB[BMP180_INDEX_AC3]) << 8) | BMP1
 232              		.loc 1 45 88 view .LVU33
 233 001e 0502     		lsls	r5, r0, #8
  45:Core/Src/bmp180_for_stm32_hal.c **** 	_bmp180_eeprom.BMP180_AC3 = (BMP180_ReadReg(BMP180_EEPROM_ADDR_MSB[BMP180_INDEX_AC3]) << 8) | BMP1
 234              		.loc 1 45 96 view .LVU34
 235 0020 AD20     		movs	r0, #173
 236 0022 FFF7FEFF 		bl	BMP180_ReadReg
 237              	.LVL13:
 238 0026 00B2     		sxth	r0, r0
  45:Core/Src/bmp180_for_stm32_hal.c **** 	_bmp180_eeprom.BMP180_AC3 = (BMP180_ReadReg(BMP180_EEPROM_ADDR_MSB[BMP180_INDEX_AC3]) << 8) | BMP1
 239              		.loc 1 45 94 view .LVU35
 240 0028 2843     		orrs	r0, r0, r5
  45:Core/Src/bmp180_for_stm32_hal.c **** 	_bmp180_eeprom.BMP180_AC3 = (BMP180_ReadReg(BMP180_EEPROM_ADDR_MSB[BMP180_INDEX_AC3]) << 8) | BMP1
 241              		.loc 1 45 28 view .LVU36
 242 002a 6080     		strh	r0, [r4, #2]	@ movhi
  46:Core/Src/bmp180_for_stm32_hal.c **** 	_bmp180_eeprom.BMP180_AC4 = (BMP180_ReadReg(BMP180_EEPROM_ADDR_MSB[BMP180_INDEX_AC4]) << 8) | BMP1
 243              		.loc 1 46 2 is_stmt 1 view .LVU37
  46:Core/Src/bmp180_for_stm32_hal.c **** 	_bmp180_eeprom.BMP180_AC4 = (BMP180_ReadReg(BMP180_EEPROM_ADDR_MSB[BMP180_INDEX_AC4]) << 8) | BMP1
 244              		.loc 1 46 31 is_stmt 0 view .LVU38
 245 002c AE20     		movs	r0, #174
 246 002e FFF7FEFF 		bl	BMP180_ReadReg
 247              	.LVL14:
  46:Core/Src/bmp180_for_stm32_hal.c **** 	_bmp180_eeprom.BMP180_AC4 = (BMP180_ReadReg(BMP180_EEPROM_ADDR_MSB[BMP180_INDEX_AC4]) << 8) | BMP1
 248              		.loc 1 46 88 view .LVU39
 249 0032 0502     		lsls	r5, r0, #8
  46:Core/Src/bmp180_for_stm32_hal.c **** 	_bmp180_eeprom.BMP180_AC4 = (BMP180_ReadReg(BMP180_EEPROM_ADDR_MSB[BMP180_INDEX_AC4]) << 8) | BMP1
 250              		.loc 1 46 96 view .LVU40
 251 0034 AF20     		movs	r0, #175
 252 0036 FFF7FEFF 		bl	BMP180_ReadReg
 253              	.LVL15:
 254 003a 00B2     		sxth	r0, r0
  46:Core/Src/bmp180_for_stm32_hal.c **** 	_bmp180_eeprom.BMP180_AC4 = (BMP180_ReadReg(BMP180_EEPROM_ADDR_MSB[BMP180_INDEX_AC4]) << 8) | BMP1
 255              		.loc 1 46 94 view .LVU41
 256 003c 2843     		orrs	r0, r0, r5
ARM GAS  C:\Users\pc\AppData\Local\Temp\ccHlUvJh.s 			page 7


  46:Core/Src/bmp180_for_stm32_hal.c **** 	_bmp180_eeprom.BMP180_AC4 = (BMP180_ReadReg(BMP180_EEPROM_ADDR_MSB[BMP180_INDEX_AC4]) << 8) | BMP1
 257              		.loc 1 46 28 view .LVU42
 258 003e A080     		strh	r0, [r4, #4]	@ movhi
  47:Core/Src/bmp180_for_stm32_hal.c **** 	_bmp180_eeprom.BMP180_AC5 = (BMP180_ReadReg(BMP180_EEPROM_ADDR_MSB[BMP180_INDEX_AC5]) << 8) | BMP1
 259              		.loc 1 47 2 is_stmt 1 view .LVU43
  47:Core/Src/bmp180_for_stm32_hal.c **** 	_bmp180_eeprom.BMP180_AC5 = (BMP180_ReadReg(BMP180_EEPROM_ADDR_MSB[BMP180_INDEX_AC5]) << 8) | BMP1
 260              		.loc 1 47 31 is_stmt 0 view .LVU44
 261 0040 B020     		movs	r0, #176
 262 0042 FFF7FEFF 		bl	BMP180_ReadReg
 263              	.LVL16:
  47:Core/Src/bmp180_for_stm32_hal.c **** 	_bmp180_eeprom.BMP180_AC5 = (BMP180_ReadReg(BMP180_EEPROM_ADDR_MSB[BMP180_INDEX_AC5]) << 8) | BMP1
 264              		.loc 1 47 88 view .LVU45
 265 0046 0502     		lsls	r5, r0, #8
  47:Core/Src/bmp180_for_stm32_hal.c **** 	_bmp180_eeprom.BMP180_AC5 = (BMP180_ReadReg(BMP180_EEPROM_ADDR_MSB[BMP180_INDEX_AC5]) << 8) | BMP1
 266              		.loc 1 47 96 view .LVU46
 267 0048 B120     		movs	r0, #177
 268 004a FFF7FEFF 		bl	BMP180_ReadReg
 269              	.LVL17:
 270 004e 00B2     		sxth	r0, r0
  47:Core/Src/bmp180_for_stm32_hal.c **** 	_bmp180_eeprom.BMP180_AC5 = (BMP180_ReadReg(BMP180_EEPROM_ADDR_MSB[BMP180_INDEX_AC5]) << 8) | BMP1
 271              		.loc 1 47 94 view .LVU47
 272 0050 2843     		orrs	r0, r0, r5
  47:Core/Src/bmp180_for_stm32_hal.c **** 	_bmp180_eeprom.BMP180_AC5 = (BMP180_ReadReg(BMP180_EEPROM_ADDR_MSB[BMP180_INDEX_AC5]) << 8) | BMP1
 273              		.loc 1 47 28 view .LVU48
 274 0052 E080     		strh	r0, [r4, #6]	@ movhi
  48:Core/Src/bmp180_for_stm32_hal.c **** 	_bmp180_eeprom.BMP180_AC6 = (BMP180_ReadReg(BMP180_EEPROM_ADDR_MSB[BMP180_INDEX_AC6]) << 8) | BMP1
 275              		.loc 1 48 2 is_stmt 1 view .LVU49
  48:Core/Src/bmp180_for_stm32_hal.c **** 	_bmp180_eeprom.BMP180_AC6 = (BMP180_ReadReg(BMP180_EEPROM_ADDR_MSB[BMP180_INDEX_AC6]) << 8) | BMP1
 276              		.loc 1 48 31 is_stmt 0 view .LVU50
 277 0054 B220     		movs	r0, #178
 278 0056 FFF7FEFF 		bl	BMP180_ReadReg
 279              	.LVL18:
  48:Core/Src/bmp180_for_stm32_hal.c **** 	_bmp180_eeprom.BMP180_AC6 = (BMP180_ReadReg(BMP180_EEPROM_ADDR_MSB[BMP180_INDEX_AC6]) << 8) | BMP1
 280              		.loc 1 48 88 view .LVU51
 281 005a 0502     		lsls	r5, r0, #8
  48:Core/Src/bmp180_for_stm32_hal.c **** 	_bmp180_eeprom.BMP180_AC6 = (BMP180_ReadReg(BMP180_EEPROM_ADDR_MSB[BMP180_INDEX_AC6]) << 8) | BMP1
 282              		.loc 1 48 96 view .LVU52
 283 005c B320     		movs	r0, #179
 284 005e FFF7FEFF 		bl	BMP180_ReadReg
 285              	.LVL19:
 286 0062 00B2     		sxth	r0, r0
  48:Core/Src/bmp180_for_stm32_hal.c **** 	_bmp180_eeprom.BMP180_AC6 = (BMP180_ReadReg(BMP180_EEPROM_ADDR_MSB[BMP180_INDEX_AC6]) << 8) | BMP1
 287              		.loc 1 48 94 view .LVU53
 288 0064 2843     		orrs	r0, r0, r5
  48:Core/Src/bmp180_for_stm32_hal.c **** 	_bmp180_eeprom.BMP180_AC6 = (BMP180_ReadReg(BMP180_EEPROM_ADDR_MSB[BMP180_INDEX_AC6]) << 8) | BMP1
 289              		.loc 1 48 28 view .LVU54
 290 0066 2081     		strh	r0, [r4, #8]	@ movhi
  49:Core/Src/bmp180_for_stm32_hal.c **** 	_bmp180_eeprom.BMP180_B1 = (BMP180_ReadReg(BMP180_EEPROM_ADDR_MSB[BMP180_INDEX_B1]) << 8) | BMP180
 291              		.loc 1 49 2 is_stmt 1 view .LVU55
  49:Core/Src/bmp180_for_stm32_hal.c **** 	_bmp180_eeprom.BMP180_B1 = (BMP180_ReadReg(BMP180_EEPROM_ADDR_MSB[BMP180_INDEX_B1]) << 8) | BMP180
 292              		.loc 1 49 31 is_stmt 0 view .LVU56
 293 0068 B420     		movs	r0, #180
 294 006a FFF7FEFF 		bl	BMP180_ReadReg
 295              	.LVL20:
  49:Core/Src/bmp180_for_stm32_hal.c **** 	_bmp180_eeprom.BMP180_B1 = (BMP180_ReadReg(BMP180_EEPROM_ADDR_MSB[BMP180_INDEX_B1]) << 8) | BMP180
 296              		.loc 1 49 88 view .LVU57
 297 006e 0502     		lsls	r5, r0, #8
ARM GAS  C:\Users\pc\AppData\Local\Temp\ccHlUvJh.s 			page 8


  49:Core/Src/bmp180_for_stm32_hal.c **** 	_bmp180_eeprom.BMP180_B1 = (BMP180_ReadReg(BMP180_EEPROM_ADDR_MSB[BMP180_INDEX_B1]) << 8) | BMP180
 298              		.loc 1 49 96 view .LVU58
 299 0070 B520     		movs	r0, #181
 300 0072 FFF7FEFF 		bl	BMP180_ReadReg
 301              	.LVL21:
 302 0076 00B2     		sxth	r0, r0
  49:Core/Src/bmp180_for_stm32_hal.c **** 	_bmp180_eeprom.BMP180_B1 = (BMP180_ReadReg(BMP180_EEPROM_ADDR_MSB[BMP180_INDEX_B1]) << 8) | BMP180
 303              		.loc 1 49 94 view .LVU59
 304 0078 2843     		orrs	r0, r0, r5
  49:Core/Src/bmp180_for_stm32_hal.c **** 	_bmp180_eeprom.BMP180_B1 = (BMP180_ReadReg(BMP180_EEPROM_ADDR_MSB[BMP180_INDEX_B1]) << 8) | BMP180
 305              		.loc 1 49 28 view .LVU60
 306 007a 6081     		strh	r0, [r4, #10]	@ movhi
  50:Core/Src/bmp180_for_stm32_hal.c **** 	_bmp180_eeprom.BMP180_B2 = (BMP180_ReadReg(BMP180_EEPROM_ADDR_MSB[BMP180_INDEX_B2]) << 8) | BMP180
 307              		.loc 1 50 2 is_stmt 1 view .LVU61
  50:Core/Src/bmp180_for_stm32_hal.c **** 	_bmp180_eeprom.BMP180_B2 = (BMP180_ReadReg(BMP180_EEPROM_ADDR_MSB[BMP180_INDEX_B2]) << 8) | BMP180
 308              		.loc 1 50 30 is_stmt 0 view .LVU62
 309 007c B620     		movs	r0, #182
 310 007e FFF7FEFF 		bl	BMP180_ReadReg
 311              	.LVL22:
  50:Core/Src/bmp180_for_stm32_hal.c **** 	_bmp180_eeprom.BMP180_B2 = (BMP180_ReadReg(BMP180_EEPROM_ADDR_MSB[BMP180_INDEX_B2]) << 8) | BMP180
 312              		.loc 1 50 86 view .LVU63
 313 0082 0502     		lsls	r5, r0, #8
  50:Core/Src/bmp180_for_stm32_hal.c **** 	_bmp180_eeprom.BMP180_B2 = (BMP180_ReadReg(BMP180_EEPROM_ADDR_MSB[BMP180_INDEX_B2]) << 8) | BMP180
 314              		.loc 1 50 94 view .LVU64
 315 0084 B720     		movs	r0, #183
 316 0086 FFF7FEFF 		bl	BMP180_ReadReg
 317              	.LVL23:
 318 008a 00B2     		sxth	r0, r0
  50:Core/Src/bmp180_for_stm32_hal.c **** 	_bmp180_eeprom.BMP180_B2 = (BMP180_ReadReg(BMP180_EEPROM_ADDR_MSB[BMP180_INDEX_B2]) << 8) | BMP180
 319              		.loc 1 50 92 view .LVU65
 320 008c 2843     		orrs	r0, r0, r5
  50:Core/Src/bmp180_for_stm32_hal.c **** 	_bmp180_eeprom.BMP180_B2 = (BMP180_ReadReg(BMP180_EEPROM_ADDR_MSB[BMP180_INDEX_B2]) << 8) | BMP180
 321              		.loc 1 50 27 view .LVU66
 322 008e A081     		strh	r0, [r4, #12]	@ movhi
  51:Core/Src/bmp180_for_stm32_hal.c **** 	_bmp180_eeprom.BMP180_MB = (BMP180_ReadReg(BMP180_EEPROM_ADDR_MSB[BMP180_INDEX_MB]) << 8) | BMP180
 323              		.loc 1 51 2 is_stmt 1 view .LVU67
  51:Core/Src/bmp180_for_stm32_hal.c **** 	_bmp180_eeprom.BMP180_MB = (BMP180_ReadReg(BMP180_EEPROM_ADDR_MSB[BMP180_INDEX_MB]) << 8) | BMP180
 324              		.loc 1 51 30 is_stmt 0 view .LVU68
 325 0090 B820     		movs	r0, #184
 326 0092 FFF7FEFF 		bl	BMP180_ReadReg
 327              	.LVL24:
  51:Core/Src/bmp180_for_stm32_hal.c **** 	_bmp180_eeprom.BMP180_MB = (BMP180_ReadReg(BMP180_EEPROM_ADDR_MSB[BMP180_INDEX_MB]) << 8) | BMP180
 328              		.loc 1 51 86 view .LVU69
 329 0096 0502     		lsls	r5, r0, #8
  51:Core/Src/bmp180_for_stm32_hal.c **** 	_bmp180_eeprom.BMP180_MB = (BMP180_ReadReg(BMP180_EEPROM_ADDR_MSB[BMP180_INDEX_MB]) << 8) | BMP180
 330              		.loc 1 51 94 view .LVU70
 331 0098 B920     		movs	r0, #185
 332 009a FFF7FEFF 		bl	BMP180_ReadReg
 333              	.LVL25:
 334 009e 00B2     		sxth	r0, r0
  51:Core/Src/bmp180_for_stm32_hal.c **** 	_bmp180_eeprom.BMP180_MB = (BMP180_ReadReg(BMP180_EEPROM_ADDR_MSB[BMP180_INDEX_MB]) << 8) | BMP180
 335              		.loc 1 51 92 view .LVU71
 336 00a0 2843     		orrs	r0, r0, r5
  51:Core/Src/bmp180_for_stm32_hal.c **** 	_bmp180_eeprom.BMP180_MB = (BMP180_ReadReg(BMP180_EEPROM_ADDR_MSB[BMP180_INDEX_MB]) << 8) | BMP180
 337              		.loc 1 51 27 view .LVU72
 338 00a2 E081     		strh	r0, [r4, #14]	@ movhi
  52:Core/Src/bmp180_for_stm32_hal.c **** 	_bmp180_eeprom.BMP180_MC = (BMP180_ReadReg(BMP180_EEPROM_ADDR_MSB[BMP180_INDEX_MC]) << 8) | BMP180
ARM GAS  C:\Users\pc\AppData\Local\Temp\ccHlUvJh.s 			page 9


 339              		.loc 1 52 2 is_stmt 1 view .LVU73
  52:Core/Src/bmp180_for_stm32_hal.c **** 	_bmp180_eeprom.BMP180_MC = (BMP180_ReadReg(BMP180_EEPROM_ADDR_MSB[BMP180_INDEX_MC]) << 8) | BMP180
 340              		.loc 1 52 30 is_stmt 0 view .LVU74
 341 00a4 BA20     		movs	r0, #186
 342 00a6 FFF7FEFF 		bl	BMP180_ReadReg
 343              	.LVL26:
  52:Core/Src/bmp180_for_stm32_hal.c **** 	_bmp180_eeprom.BMP180_MC = (BMP180_ReadReg(BMP180_EEPROM_ADDR_MSB[BMP180_INDEX_MC]) << 8) | BMP180
 344              		.loc 1 52 86 view .LVU75
 345 00aa 0502     		lsls	r5, r0, #8
  52:Core/Src/bmp180_for_stm32_hal.c **** 	_bmp180_eeprom.BMP180_MC = (BMP180_ReadReg(BMP180_EEPROM_ADDR_MSB[BMP180_INDEX_MC]) << 8) | BMP180
 346              		.loc 1 52 94 view .LVU76
 347 00ac BB20     		movs	r0, #187
 348 00ae FFF7FEFF 		bl	BMP180_ReadReg
 349              	.LVL27:
 350 00b2 00B2     		sxth	r0, r0
  52:Core/Src/bmp180_for_stm32_hal.c **** 	_bmp180_eeprom.BMP180_MC = (BMP180_ReadReg(BMP180_EEPROM_ADDR_MSB[BMP180_INDEX_MC]) << 8) | BMP180
 351              		.loc 1 52 92 view .LVU77
 352 00b4 2843     		orrs	r0, r0, r5
  52:Core/Src/bmp180_for_stm32_hal.c **** 	_bmp180_eeprom.BMP180_MC = (BMP180_ReadReg(BMP180_EEPROM_ADDR_MSB[BMP180_INDEX_MC]) << 8) | BMP180
 353              		.loc 1 52 27 view .LVU78
 354 00b6 2082     		strh	r0, [r4, #16]	@ movhi
  53:Core/Src/bmp180_for_stm32_hal.c **** 	_bmp180_eeprom.BMP180_MD = (BMP180_ReadReg(BMP180_EEPROM_ADDR_MSB[BMP180_INDEX_MD]) << 8) | BMP180
 355              		.loc 1 53 2 is_stmt 1 view .LVU79
  53:Core/Src/bmp180_for_stm32_hal.c **** 	_bmp180_eeprom.BMP180_MD = (BMP180_ReadReg(BMP180_EEPROM_ADDR_MSB[BMP180_INDEX_MD]) << 8) | BMP180
 356              		.loc 1 53 30 is_stmt 0 view .LVU80
 357 00b8 BC20     		movs	r0, #188
 358 00ba FFF7FEFF 		bl	BMP180_ReadReg
 359              	.LVL28:
  53:Core/Src/bmp180_for_stm32_hal.c **** 	_bmp180_eeprom.BMP180_MD = (BMP180_ReadReg(BMP180_EEPROM_ADDR_MSB[BMP180_INDEX_MD]) << 8) | BMP180
 360              		.loc 1 53 86 view .LVU81
 361 00be 0502     		lsls	r5, r0, #8
  53:Core/Src/bmp180_for_stm32_hal.c **** 	_bmp180_eeprom.BMP180_MD = (BMP180_ReadReg(BMP180_EEPROM_ADDR_MSB[BMP180_INDEX_MD]) << 8) | BMP180
 362              		.loc 1 53 94 view .LVU82
 363 00c0 BD20     		movs	r0, #189
 364 00c2 FFF7FEFF 		bl	BMP180_ReadReg
 365              	.LVL29:
 366 00c6 00B2     		sxth	r0, r0
  53:Core/Src/bmp180_for_stm32_hal.c **** 	_bmp180_eeprom.BMP180_MD = (BMP180_ReadReg(BMP180_EEPROM_ADDR_MSB[BMP180_INDEX_MD]) << 8) | BMP180
 367              		.loc 1 53 92 view .LVU83
 368 00c8 2843     		orrs	r0, r0, r5
  53:Core/Src/bmp180_for_stm32_hal.c **** 	_bmp180_eeprom.BMP180_MD = (BMP180_ReadReg(BMP180_EEPROM_ADDR_MSB[BMP180_INDEX_MD]) << 8) | BMP180
 369              		.loc 1 53 27 view .LVU84
 370 00ca 6082     		strh	r0, [r4, #18]	@ movhi
  54:Core/Src/bmp180_for_stm32_hal.c **** }
 371              		.loc 1 54 2 is_stmt 1 view .LVU85
  54:Core/Src/bmp180_for_stm32_hal.c **** }
 372              		.loc 1 54 30 is_stmt 0 view .LVU86
 373 00cc BE20     		movs	r0, #190
 374 00ce FFF7FEFF 		bl	BMP180_ReadReg
 375              	.LVL30:
  54:Core/Src/bmp180_for_stm32_hal.c **** }
 376              		.loc 1 54 86 view .LVU87
 377 00d2 0502     		lsls	r5, r0, #8
  54:Core/Src/bmp180_for_stm32_hal.c **** }
 378              		.loc 1 54 94 view .LVU88
 379 00d4 BF20     		movs	r0, #191
 380 00d6 FFF7FEFF 		bl	BMP180_ReadReg
ARM GAS  C:\Users\pc\AppData\Local\Temp\ccHlUvJh.s 			page 10


 381              	.LVL31:
 382 00da 00B2     		sxth	r0, r0
  54:Core/Src/bmp180_for_stm32_hal.c **** }
 383              		.loc 1 54 92 view .LVU89
 384 00dc 2843     		orrs	r0, r0, r5
  54:Core/Src/bmp180_for_stm32_hal.c **** }
 385              		.loc 1 54 27 view .LVU90
 386 00de A082     		strh	r0, [r4, #20]	@ movhi
  55:Core/Src/bmp180_for_stm32_hal.c **** 
 387              		.loc 1 55 1 view .LVU91
 388 00e0 38BD     		pop	{r3, r4, r5, pc}
 389              	.L18:
 390 00e2 00BF     		.align	2
 391              	.L17:
 392 00e4 00000000 		.word	_bmp180_eeprom
 393              		.cfi_endproc
 394              	.LFE132:
 396              		.section	.text.BMP180_GetRawTemperature,"ax",%progbits
 397              		.align	1
 398              		.global	BMP180_GetRawTemperature
 399              		.syntax unified
 400              		.thumb
 401              		.thumb_func
 403              	BMP180_GetRawTemperature:
 404              	.LFB135:
  78:Core/Src/bmp180_for_stm32_hal.c **** 
  79:Core/Src/bmp180_for_stm32_hal.c **** /**
  80:Core/Src/bmp180_for_stm32_hal.c ****  * @brief Measures and calculates temperature.
  81:Core/Src/bmp180_for_stm32_hal.c ****  * @return Temperature in 0.1 (1/10) degrees Celsius.
  82:Core/Src/bmp180_for_stm32_hal.c ****  */
  83:Core/Src/bmp180_for_stm32_hal.c **** int32_t BMP180_GetRawTemperature(void) {
 405              		.loc 1 83 40 is_stmt 1 view -0
 406              		.cfi_startproc
 407              		@ args = 0, pretend = 0, frame = 0
 408              		@ frame_needed = 0, uses_anonymous_args = 0
 409 0000 10B5     		push	{r4, lr}
 410              	.LCFI7:
 411              		.cfi_def_cfa_offset 8
 412              		.cfi_offset 4, -8
 413              		.cfi_offset 14, -4
  84:Core/Src/bmp180_for_stm32_hal.c **** 	BMP180_WriteReg(BMP180_CONTROL_REG, BMP180_CMD_TEMP);
 414              		.loc 1 84 2 view .LVU93
 415 0002 2E21     		movs	r1, #46
 416 0004 F420     		movs	r0, #244
 417 0006 FFF7FEFF 		bl	BMP180_WriteReg
 418              	.LVL32:
  85:Core/Src/bmp180_for_stm32_hal.c **** 	HAL_Delay(BMP180_DELAY_TEMP);
 419              		.loc 1 85 2 view .LVU94
 420 000a 0520     		movs	r0, #5
 421 000c FFF7FEFF 		bl	HAL_Delay
 422              	.LVL33:
  86:Core/Src/bmp180_for_stm32_hal.c **** 	int32_t ut = (BMP180_ReadReg(BMP180_MSB_REG) << 8) | BMP180_ReadReg(BMP180_LSB_REG);
 423              		.loc 1 86 2 view .LVU95
 424              		.loc 1 86 16 is_stmt 0 view .LVU96
 425 0010 F620     		movs	r0, #246
 426 0012 FFF7FEFF 		bl	BMP180_ReadReg
 427              	.LVL34:
ARM GAS  C:\Users\pc\AppData\Local\Temp\ccHlUvJh.s 			page 11


 428              		.loc 1 86 47 view .LVU97
 429 0016 0402     		lsls	r4, r0, #8
 430              		.loc 1 86 55 view .LVU98
 431 0018 F720     		movs	r0, #247
 432 001a FFF7FEFF 		bl	BMP180_ReadReg
 433              	.LVL35:
 434              		.loc 1 86 10 view .LVU99
 435 001e 44EA0003 		orr	r3, r4, r0
 436              	.LVL36:
  87:Core/Src/bmp180_for_stm32_hal.c **** 	int32_t x1 = (ut - _bmp180_eeprom.BMP180_AC6) * _bmp180_eeprom.BMP180_AC5 / (1 << 15);
 437              		.loc 1 87 2 is_stmt 1 view .LVU100
 438              		.loc 1 87 35 is_stmt 0 view .LVU101
 439 0022 0F4A     		ldr	r2, .L25
 440 0024 5189     		ldrh	r1, [r2, #10]
 441              		.loc 1 87 19 view .LVU102
 442 0026 5B1A     		subs	r3, r3, r1
 443              	.LVL37:
 444              		.loc 1 87 64 view .LVU103
 445 0028 1289     		ldrh	r2, [r2, #8]
 446              		.loc 1 87 48 view .LVU104
 447 002a 02FB03F3 		mul	r3, r2, r3
 448              		.loc 1 87 10 view .LVU105
 449 002e 002B     		cmp	r3, #0
 450 0030 0FDB     		blt	.L23
 451              	.L20:
 452              	.LVL38:
  88:Core/Src/bmp180_for_stm32_hal.c **** 	int32_t x2 = (_bmp180_eeprom.BMP180_MC * (1 << 11)) / (x1 + _bmp180_eeprom.BMP180_MD);
 453              		.loc 1 88 2 is_stmt 1 view .LVU106
 454              		.loc 1 88 30 is_stmt 0 view .LVU107
 455 0032 0B4A     		ldr	r2, .L25
 456 0034 B2F91200 		ldrsh	r0, [r2, #18]
 457              	.LVL39:
 458              		.loc 1 88 41 view .LVU108
 459 0038 C002     		lsls	r0, r0, #11
 460              		.loc 1 88 76 view .LVU109
 461 003a B2F91420 		ldrsh	r2, [r2, #20]
 462              		.loc 1 88 60 view .LVU110
 463 003e 02EBE332 		add	r2, r2, r3, asr #15
 464              		.loc 1 88 10 view .LVU111
 465 0042 90FBF2F0 		sdiv	r0, r0, r2
 466              	.LVL40:
  89:Core/Src/bmp180_for_stm32_hal.c **** 	int32_t b5 = x1 + x2;
 467              		.loc 1 89 2 is_stmt 1 view .LVU112
 468              		.loc 1 89 10 is_stmt 0 view .LVU113
 469 0046 00EBE330 		add	r0, r0, r3, asr #15
 470              	.LVL41:
  90:Core/Src/bmp180_for_stm32_hal.c **** 	return (b5 + 8) / (1 << 4);
 471              		.loc 1 90 2 is_stmt 1 view .LVU114
 472              		.loc 1 90 18 is_stmt 0 view .LVU115
 473 004a 0830     		adds	r0, r0, #8
 474              	.LVL42:
 475              		.loc 1 90 18 view .LVU116
 476 004c 05D4     		bmi	.L24
 477              	.LVL43:
 478              	.L21:
  91:Core/Src/bmp180_for_stm32_hal.c **** }
 479              		.loc 1 91 1 view .LVU117
ARM GAS  C:\Users\pc\AppData\Local\Temp\ccHlUvJh.s 			page 12


 480 004e 0011     		asrs	r0, r0, #4
 481 0050 10BD     		pop	{r4, pc}
 482              	.LVL44:
 483              	.L23:
  87:Core/Src/bmp180_for_stm32_hal.c **** 	int32_t x2 = (_bmp180_eeprom.BMP180_MC * (1 << 11)) / (x1 + _bmp180_eeprom.BMP180_MD);
 484              		.loc 1 87 10 view .LVU118
 485 0052 03F5FF43 		add	r3, r3, #32640
 486 0056 7F33     		adds	r3, r3, #127
 487 0058 EBE7     		b	.L20
 488              	.LVL45:
 489              	.L24:
  90:Core/Src/bmp180_for_stm32_hal.c **** 	return (b5 + 8) / (1 << 4);
 490              		.loc 1 90 18 view .LVU119
 491 005a 0F30     		adds	r0, r0, #15
 492              	.LVL46:
  90:Core/Src/bmp180_for_stm32_hal.c **** 	return (b5 + 8) / (1 << 4);
 493              		.loc 1 90 18 view .LVU120
 494 005c F7E7     		b	.L21
 495              	.L26:
 496 005e 00BF     		.align	2
 497              	.L25:
 498 0060 00000000 		.word	_bmp180_eeprom
 499              		.cfi_endproc
 500              	.LFE135:
 502              		.global	__aeabi_i2d
 503              		.global	__aeabi_ddiv
 504              		.global	__aeabi_d2f
 505              		.section	.text.BMP180_GetTemperature,"ax",%progbits
 506              		.align	1
 507              		.global	BMP180_GetTemperature
 508              		.syntax unified
 509              		.thumb
 510              		.thumb_func
 512              	BMP180_GetTemperature:
 513              	.LFB136:
  92:Core/Src/bmp180_for_stm32_hal.c **** 
  93:Core/Src/bmp180_for_stm32_hal.c **** /**
  94:Core/Src/bmp180_for_stm32_hal.c ****  * @brief Measures and calculates temperature.
  95:Core/Src/bmp180_for_stm32_hal.c ****  * @return Temperature in degrees Celsius.
  96:Core/Src/bmp180_for_stm32_hal.c ****  */
  97:Core/Src/bmp180_for_stm32_hal.c **** float BMP180_GetTemperature(void) {
 514              		.loc 1 97 35 is_stmt 1 view -0
 515              		.cfi_startproc
 516              		@ args = 0, pretend = 0, frame = 0
 517              		@ frame_needed = 0, uses_anonymous_args = 0
 518 0000 08B5     		push	{r3, lr}
 519              	.LCFI8:
 520              		.cfi_def_cfa_offset 8
 521              		.cfi_offset 3, -8
 522              		.cfi_offset 14, -4
  98:Core/Src/bmp180_for_stm32_hal.c **** 	int32_t temp = BMP180_GetRawTemperature();
 523              		.loc 1 98 2 view .LVU122
 524              		.loc 1 98 17 is_stmt 0 view .LVU123
 525 0002 FFF7FEFF 		bl	BMP180_GetRawTemperature
 526              	.LVL47:
  99:Core/Src/bmp180_for_stm32_hal.c **** 	return temp / 10.0;
 527              		.loc 1 99 2 is_stmt 1 view .LVU124
ARM GAS  C:\Users\pc\AppData\Local\Temp\ccHlUvJh.s 			page 13


 528              		.loc 1 99 14 is_stmt 0 view .LVU125
 529 0006 FFF7FEFF 		bl	__aeabi_i2d
 530              	.LVL48:
 531              		.loc 1 99 14 view .LVU126
 532 000a 0022     		movs	r2, #0
 533 000c 034B     		ldr	r3, .L29
 534 000e FFF7FEFF 		bl	__aeabi_ddiv
 535              	.LVL49:
 536 0012 FFF7FEFF 		bl	__aeabi_d2f
 537              	.LVL50:
 100:Core/Src/bmp180_for_stm32_hal.c **** }
 538              		.loc 1 100 1 view .LVU127
 539 0016 00EE100A 		vmov	s0, r0
 540 001a 08BD     		pop	{r3, pc}
 541              	.L30:
 542              		.align	2
 543              	.L29:
 544 001c 00002440 		.word	1076101120
 545              		.cfi_endproc
 546              	.LFE136:
 548              		.section	.text.BMP180_GetUT,"ax",%progbits
 549              		.align	1
 550              		.global	BMP180_GetUT
 551              		.syntax unified
 552              		.thumb
 553              		.thumb_func
 555              	BMP180_GetUT:
 556              	.LFB138:
 101:Core/Src/bmp180_for_stm32_hal.c **** 
 102:Core/Src/bmp180_for_stm32_hal.c **** /**
 103:Core/Src/bmp180_for_stm32_hal.c ****  * @brief Measures and calculates pressure.
 104:Core/Src/bmp180_for_stm32_hal.c ****  * @return Pressure in Pascal(Pa).
 105:Core/Src/bmp180_for_stm32_hal.c ****  */
 106:Core/Src/bmp180_for_stm32_hal.c **** int32_t BMP180_GetPressure(void) {
 107:Core/Src/bmp180_for_stm32_hal.c **** 	BMP180_WriteReg(BMP180_CONTROL_REG, BMP180_CMD_TEMP);
 108:Core/Src/bmp180_for_stm32_hal.c **** 	HAL_Delay(BMP180_DELAY_TEMP);
 109:Core/Src/bmp180_for_stm32_hal.c **** 	int32_t ut = BMP180_GetUT();
 110:Core/Src/bmp180_for_stm32_hal.c **** 	BMP180_WriteReg(BMP180_CONTROL_REG, BMP180_CMD_PRES[_bmp180_oss]);
 111:Core/Src/bmp180_for_stm32_hal.c **** 	HAL_Delay(BMP180_DELAY_PRES[_bmp180_oss]);
 112:Core/Src/bmp180_for_stm32_hal.c **** 	int32_t up = BMP180_GetUP();
 113:Core/Src/bmp180_for_stm32_hal.c **** 	int32_t x1 = (ut - _bmp180_eeprom.BMP180_AC6) * _bmp180_eeprom.BMP180_AC5 / (1 << 15);
 114:Core/Src/bmp180_for_stm32_hal.c **** 	int32_t x2 = (_bmp180_eeprom.BMP180_MC * (1 << 11)) / (x1 + _bmp180_eeprom.BMP180_MD);
 115:Core/Src/bmp180_for_stm32_hal.c **** 	int32_t b5 = x1 + x2;
 116:Core/Src/bmp180_for_stm32_hal.c **** 	int32_t b6 = b5 - 4000;
 117:Core/Src/bmp180_for_stm32_hal.c **** 	x1 = (_bmp180_eeprom.BMP180_B2 * (b6 * b6 / (1 << 12))) / (1 << 11);
 118:Core/Src/bmp180_for_stm32_hal.c **** 	x2 = _bmp180_eeprom.BMP180_AC2 * b6 / (1 << 11);
 119:Core/Src/bmp180_for_stm32_hal.c **** 	int32_t x3 = x1 + x2;
 120:Core/Src/bmp180_for_stm32_hal.c **** 	int32_t b3 = (((_bmp180_eeprom.BMP180_AC1 * 4 + x3) << _bmp180_oss) + 2) / 4;
 121:Core/Src/bmp180_for_stm32_hal.c **** 	x1 = _bmp180_eeprom.BMP180_AC3 * b6 / (1 << 13);
 122:Core/Src/bmp180_for_stm32_hal.c **** 	x2 = (_bmp180_eeprom.BMP180_B1 * (b6 * b6 / (1 << 12))) / (1 << 16);
 123:Core/Src/bmp180_for_stm32_hal.c **** 	x3 = ((x1 + x2) + 2) / 4;
 124:Core/Src/bmp180_for_stm32_hal.c **** 	uint32_t b4 = _bmp180_eeprom.BMP180_AC4 * (uint32_t) (x3 + 32768) / (1 << 15);
 125:Core/Src/bmp180_for_stm32_hal.c **** 	uint32_t b7 = ((uint32_t) up - b3) * (50000 >> _bmp180_oss);
 126:Core/Src/bmp180_for_stm32_hal.c **** 	int32_t p;
 127:Core/Src/bmp180_for_stm32_hal.c **** 	if (b7 < 0x80000000)
 128:Core/Src/bmp180_for_stm32_hal.c **** 		p = (b7 * 2) / b4;
 129:Core/Src/bmp180_for_stm32_hal.c **** 	else
ARM GAS  C:\Users\pc\AppData\Local\Temp\ccHlUvJh.s 			page 14


 130:Core/Src/bmp180_for_stm32_hal.c **** 		p = (b7 / b4) * 2;
 131:Core/Src/bmp180_for_stm32_hal.c **** 	x1 = (p / (1 << 8)) * (p / (1 << 8));
 132:Core/Src/bmp180_for_stm32_hal.c **** 	x1 = (x1 * 3038) / (1 << 16);
 133:Core/Src/bmp180_for_stm32_hal.c **** 	x2 = (-7357 * p) / (1 << 16);
 134:Core/Src/bmp180_for_stm32_hal.c **** 	p = p + (x1 + x2 + 3791) / (1 << 4);
 135:Core/Src/bmp180_for_stm32_hal.c **** 	return p;
 136:Core/Src/bmp180_for_stm32_hal.c **** }
 137:Core/Src/bmp180_for_stm32_hal.c **** 
 138:Core/Src/bmp180_for_stm32_hal.c **** int32_t BMP180_GetUT(void){
 557              		.loc 1 138 27 is_stmt 1 view -0
 558              		.cfi_startproc
 559              		@ args = 0, pretend = 0, frame = 0
 560              		@ frame_needed = 0, uses_anonymous_args = 0
 561 0000 10B5     		push	{r4, lr}
 562              	.LCFI9:
 563              		.cfi_def_cfa_offset 8
 564              		.cfi_offset 4, -8
 565              		.cfi_offset 14, -4
 139:Core/Src/bmp180_for_stm32_hal.c **** 	return (BMP180_ReadReg(BMP180_MSB_REG) << 8) | BMP180_ReadReg(BMP180_LSB_REG);
 566              		.loc 1 139 2 view .LVU129
 567              		.loc 1 139 10 is_stmt 0 view .LVU130
 568 0002 F620     		movs	r0, #246
 569 0004 FFF7FEFF 		bl	BMP180_ReadReg
 570              	.LVL51:
 571              		.loc 1 139 41 view .LVU131
 572 0008 0402     		lsls	r4, r0, #8
 573              		.loc 1 139 49 view .LVU132
 574 000a F720     		movs	r0, #247
 575 000c FFF7FEFF 		bl	BMP180_ReadReg
 576              	.LVL52:
 140:Core/Src/bmp180_for_stm32_hal.c **** }
 577              		.loc 1 140 1 view .LVU133
 578 0010 2043     		orrs	r0, r0, r4
 579 0012 10BD     		pop	{r4, pc}
 580              		.cfi_endproc
 581              	.LFE138:
 583              		.section	.text.BMP180_GetUP,"ax",%progbits
 584              		.align	1
 585              		.global	BMP180_GetUP
 586              		.syntax unified
 587              		.thumb
 588              		.thumb_func
 590              	BMP180_GetUP:
 591              	.LFB139:
 141:Core/Src/bmp180_for_stm32_hal.c **** 
 142:Core/Src/bmp180_for_stm32_hal.c **** int32_t BMP180_GetUP(void){
 592              		.loc 1 142 27 is_stmt 1 view -0
 593              		.cfi_startproc
 594              		@ args = 0, pretend = 0, frame = 0
 595              		@ frame_needed = 0, uses_anonymous_args = 0
 596 0000 10B5     		push	{r4, lr}
 597              	.LCFI10:
 598              		.cfi_def_cfa_offset 8
 599              		.cfi_offset 4, -8
 600              		.cfi_offset 14, -4
 143:Core/Src/bmp180_for_stm32_hal.c **** 	return ((BMP180_ReadReg(BMP180_MSB_REG) << 16) | (BMP180_ReadReg(BMP180_LSB_REG) << 8) | BMP180_Re
 601              		.loc 1 143 2 view .LVU135
ARM GAS  C:\Users\pc\AppData\Local\Temp\ccHlUvJh.s 			page 15


 602              		.loc 1 143 11 is_stmt 0 view .LVU136
 603 0002 F620     		movs	r0, #246
 604 0004 FFF7FEFF 		bl	BMP180_ReadReg
 605              	.LVL53:
 606              		.loc 1 143 42 view .LVU137
 607 0008 0404     		lsls	r4, r0, #16
 608              		.loc 1 143 52 view .LVU138
 609 000a F720     		movs	r0, #247
 610 000c FFF7FEFF 		bl	BMP180_ReadReg
 611              	.LVL54:
 612              		.loc 1 143 49 view .LVU139
 613 0010 44EA0024 		orr	r4, r4, r0, lsl #8
 614              		.loc 1 143 91 view .LVU140
 615 0014 F820     		movs	r0, #248
 616 0016 FFF7FEFF 		bl	BMP180_ReadReg
 617              	.LVL55:
 618              		.loc 1 143 89 view .LVU141
 619 001a 0443     		orrs	r4, r4, r0
 620              		.loc 1 143 130 view .LVU142
 621 001c 034B     		ldr	r3, .L35
 622 001e 1878     		ldrb	r0, [r3]	@ zero_extendqisi2
 623 0020 C0F10800 		rsb	r0, r0, #8
 144:Core/Src/bmp180_for_stm32_hal.c **** }
 624              		.loc 1 144 1 view .LVU143
 625 0024 44FA00F0 		asr	r0, r4, r0
 626 0028 10BD     		pop	{r4, pc}
 627              	.L36:
 628 002a 00BF     		.align	2
 629              	.L35:
 630 002c 00000000 		.word	_bmp180_oss
 631              		.cfi_endproc
 632              	.LFE139:
 634              		.section	.text.BMP180_GetPressure,"ax",%progbits
 635              		.align	1
 636              		.global	BMP180_GetPressure
 637              		.syntax unified
 638              		.thumb
 639              		.thumb_func
 641              	BMP180_GetPressure:
 642              	.LFB137:
 106:Core/Src/bmp180_for_stm32_hal.c **** 	BMP180_WriteReg(BMP180_CONTROL_REG, BMP180_CMD_TEMP);
 643              		.loc 1 106 34 is_stmt 1 view -0
 644              		.cfi_startproc
 645              		@ args = 0, pretend = 0, frame = 0
 646              		@ frame_needed = 0, uses_anonymous_args = 0
 647 0000 38B5     		push	{r3, r4, r5, lr}
 648              	.LCFI11:
 649              		.cfi_def_cfa_offset 16
 650              		.cfi_offset 3, -16
 651              		.cfi_offset 4, -12
 652              		.cfi_offset 5, -8
 653              		.cfi_offset 14, -4
 107:Core/Src/bmp180_for_stm32_hal.c **** 	HAL_Delay(BMP180_DELAY_TEMP);
 654              		.loc 1 107 2 view .LVU145
 655 0002 2E21     		movs	r1, #46
 656 0004 F420     		movs	r0, #244
 657 0006 FFF7FEFF 		bl	BMP180_WriteReg
ARM GAS  C:\Users\pc\AppData\Local\Temp\ccHlUvJh.s 			page 16


 658              	.LVL56:
 108:Core/Src/bmp180_for_stm32_hal.c **** 	int32_t ut = BMP180_GetUT();
 659              		.loc 1 108 2 view .LVU146
 660 000a 0520     		movs	r0, #5
 661 000c FFF7FEFF 		bl	HAL_Delay
 662              	.LVL57:
 109:Core/Src/bmp180_for_stm32_hal.c **** 	BMP180_WriteReg(BMP180_CONTROL_REG, BMP180_CMD_PRES[_bmp180_oss]);
 663              		.loc 1 109 2 view .LVU147
 109:Core/Src/bmp180_for_stm32_hal.c **** 	BMP180_WriteReg(BMP180_CONTROL_REG, BMP180_CMD_PRES[_bmp180_oss]);
 664              		.loc 1 109 15 is_stmt 0 view .LVU148
 665 0010 FFF7FEFF 		bl	BMP180_GetUT
 666              	.LVL58:
 667 0014 0446     		mov	r4, r0
 668              	.LVL59:
 110:Core/Src/bmp180_for_stm32_hal.c **** 	HAL_Delay(BMP180_DELAY_PRES[_bmp180_oss]);
 669              		.loc 1 110 2 is_stmt 1 view .LVU149
 670 0016 5B4D     		ldr	r5, .L65
 671 0018 2B78     		ldrb	r3, [r5]	@ zero_extendqisi2
 672 001a 5B4A     		ldr	r2, .L65+4
 673 001c D15C     		ldrb	r1, [r2, r3]	@ zero_extendqisi2
 674 001e F420     		movs	r0, #244
 675              	.LVL60:
 110:Core/Src/bmp180_for_stm32_hal.c **** 	HAL_Delay(BMP180_DELAY_PRES[_bmp180_oss]);
 676              		.loc 1 110 2 is_stmt 0 view .LVU150
 677 0020 FFF7FEFF 		bl	BMP180_WriteReg
 678              	.LVL61:
 111:Core/Src/bmp180_for_stm32_hal.c **** 	int32_t up = BMP180_GetUP();
 679              		.loc 1 111 2 is_stmt 1 view .LVU151
 111:Core/Src/bmp180_for_stm32_hal.c **** 	int32_t up = BMP180_GetUP();
 680              		.loc 1 111 29 is_stmt 0 view .LVU152
 681 0024 2B78     		ldrb	r3, [r5]	@ zero_extendqisi2
 111:Core/Src/bmp180_for_stm32_hal.c **** 	int32_t up = BMP180_GetUP();
 682              		.loc 1 111 2 view .LVU153
 683 0026 594A     		ldr	r2, .L65+8
 684 0028 D05C     		ldrb	r0, [r2, r3]	@ zero_extendqisi2
 685 002a FFF7FEFF 		bl	HAL_Delay
 686              	.LVL62:
 112:Core/Src/bmp180_for_stm32_hal.c **** 	int32_t x1 = (ut - _bmp180_eeprom.BMP180_AC6) * _bmp180_eeprom.BMP180_AC5 / (1 << 15);
 687              		.loc 1 112 2 is_stmt 1 view .LVU154
 112:Core/Src/bmp180_for_stm32_hal.c **** 	int32_t x1 = (ut - _bmp180_eeprom.BMP180_AC6) * _bmp180_eeprom.BMP180_AC5 / (1 << 15);
 688              		.loc 1 112 15 is_stmt 0 view .LVU155
 689 002e FFF7FEFF 		bl	BMP180_GetUP
 690              	.LVL63:
 691 0032 0146     		mov	r1, r0
 692              	.LVL64:
 113:Core/Src/bmp180_for_stm32_hal.c **** 	int32_t x2 = (_bmp180_eeprom.BMP180_MC * (1 << 11)) / (x1 + _bmp180_eeprom.BMP180_MD);
 693              		.loc 1 113 2 is_stmt 1 view .LVU156
 113:Core/Src/bmp180_for_stm32_hal.c **** 	int32_t x2 = (_bmp180_eeprom.BMP180_MC * (1 << 11)) / (x1 + _bmp180_eeprom.BMP180_MD);
 694              		.loc 1 113 35 is_stmt 0 view .LVU157
 695 0034 564A     		ldr	r2, .L65+12
 696 0036 5389     		ldrh	r3, [r2, #10]
 113:Core/Src/bmp180_for_stm32_hal.c **** 	int32_t x2 = (_bmp180_eeprom.BMP180_MC * (1 << 11)) / (x1 + _bmp180_eeprom.BMP180_MD);
 697              		.loc 1 113 19 view .LVU158
 698 0038 E31A     		subs	r3, r4, r3
 113:Core/Src/bmp180_for_stm32_hal.c **** 	int32_t x2 = (_bmp180_eeprom.BMP180_MC * (1 << 11)) / (x1 + _bmp180_eeprom.BMP180_MD);
 699              		.loc 1 113 64 view .LVU159
 700 003a 1289     		ldrh	r2, [r2, #8]
ARM GAS  C:\Users\pc\AppData\Local\Temp\ccHlUvJh.s 			page 17


 113:Core/Src/bmp180_for_stm32_hal.c **** 	int32_t x2 = (_bmp180_eeprom.BMP180_MC * (1 << 11)) / (x1 + _bmp180_eeprom.BMP180_MD);
 701              		.loc 1 113 48 view .LVU160
 702 003c 02FB03F3 		mul	r3, r2, r3
 113:Core/Src/bmp180_for_stm32_hal.c **** 	int32_t x2 = (_bmp180_eeprom.BMP180_MC * (1 << 11)) / (x1 + _bmp180_eeprom.BMP180_MD);
 703              		.loc 1 113 10 view .LVU161
 704 0040 002B     		cmp	r3, #0
 705 0042 74DB     		blt	.L53
 706              	.L38:
 707              	.LVL65:
 114:Core/Src/bmp180_for_stm32_hal.c **** 	int32_t b5 = x1 + x2;
 708              		.loc 1 114 2 is_stmt 1 view .LVU162
 114:Core/Src/bmp180_for_stm32_hal.c **** 	int32_t b5 = x1 + x2;
 709              		.loc 1 114 30 is_stmt 0 view .LVU163
 710 0044 524A     		ldr	r2, .L65+12
 711 0046 B2F91200 		ldrsh	r0, [r2, #18]
 712              	.LVL66:
 114:Core/Src/bmp180_for_stm32_hal.c **** 	int32_t b5 = x1 + x2;
 713              		.loc 1 114 41 view .LVU164
 714 004a C002     		lsls	r0, r0, #11
 114:Core/Src/bmp180_for_stm32_hal.c **** 	int32_t b5 = x1 + x2;
 715              		.loc 1 114 76 view .LVU165
 716 004c B2F91440 		ldrsh	r4, [r2, #20]
 717              	.LVL67:
 114:Core/Src/bmp180_for_stm32_hal.c **** 	int32_t b5 = x1 + x2;
 718              		.loc 1 114 60 view .LVU166
 719 0050 04EBE334 		add	r4, r4, r3, asr #15
 114:Core/Src/bmp180_for_stm32_hal.c **** 	int32_t b5 = x1 + x2;
 720              		.loc 1 114 10 view .LVU167
 721 0054 90FBF4F0 		sdiv	r0, r0, r4
 722              	.LVL68:
 115:Core/Src/bmp180_for_stm32_hal.c **** 	int32_t b6 = b5 - 4000;
 723              		.loc 1 115 2 is_stmt 1 view .LVU168
 115:Core/Src/bmp180_for_stm32_hal.c **** 	int32_t b6 = b5 - 4000;
 724              		.loc 1 115 10 is_stmt 0 view .LVU169
 725 0058 00EBE330 		add	r0, r0, r3, asr #15
 726              	.LVL69:
 116:Core/Src/bmp180_for_stm32_hal.c **** 	x1 = (_bmp180_eeprom.BMP180_B2 * (b6 * b6 / (1 << 12))) / (1 << 11);
 727              		.loc 1 116 2 is_stmt 1 view .LVU170
 116:Core/Src/bmp180_for_stm32_hal.c **** 	x1 = (_bmp180_eeprom.BMP180_B2 * (b6 * b6 / (1 << 12))) / (1 << 11);
 728              		.loc 1 116 10 is_stmt 0 view .LVU171
 729 005c A0F57A60 		sub	r0, r0, #4000
 730              	.LVL70:
 117:Core/Src/bmp180_for_stm32_hal.c **** 	x2 = _bmp180_eeprom.BMP180_AC2 * b6 / (1 << 11);
 731              		.loc 1 117 2 is_stmt 1 view .LVU172
 117:Core/Src/bmp180_for_stm32_hal.c **** 	x2 = _bmp180_eeprom.BMP180_AC2 * b6 / (1 << 11);
 732              		.loc 1 117 22 is_stmt 0 view .LVU173
 733 0060 B2F90E30 		ldrsh	r3, [r2, #14]
 734              	.LVL71:
 117:Core/Src/bmp180_for_stm32_hal.c **** 	x2 = _bmp180_eeprom.BMP180_AC2 * b6 / (1 << 11);
 735              		.loc 1 117 39 view .LVU174
 736 0064 00FB00FE 		mul	lr, r0, r0
 117:Core/Src/bmp180_for_stm32_hal.c **** 	x2 = _bmp180_eeprom.BMP180_AC2 * b6 / (1 << 11);
 737              		.loc 1 117 44 view .LVU175
 738 0068 BEF1000F 		cmp	lr, #0
 739 006c 63DB     		blt	.L54
 740              	.L39:
 741 006e 4FEA2E3E 		asr	lr, lr, #12
ARM GAS  C:\Users\pc\AppData\Local\Temp\ccHlUvJh.s 			page 18


 117:Core/Src/bmp180_for_stm32_hal.c **** 	x2 = _bmp180_eeprom.BMP180_AC2 * b6 / (1 << 11);
 742              		.loc 1 117 33 view .LVU176
 743 0072 0EFB03F3 		mul	r3, lr, r3
 117:Core/Src/bmp180_for_stm32_hal.c **** 	x2 = _bmp180_eeprom.BMP180_AC2 * b6 / (1 << 11);
 744              		.loc 1 117 5 view .LVU177
 745 0076 002B     		cmp	r3, #0
 746 0078 60DB     		blt	.L55
 747              	.L40:
 748 007a DB12     		asrs	r3, r3, #11
 749              	.LVL72:
 118:Core/Src/bmp180_for_stm32_hal.c **** 	int32_t x3 = x1 + x2;
 750              		.loc 1 118 2 is_stmt 1 view .LVU178
 118:Core/Src/bmp180_for_stm32_hal.c **** 	int32_t x3 = x1 + x2;
 751              		.loc 1 118 21 is_stmt 0 view .LVU179
 752 007c 444A     		ldr	r2, .L65+12
 753 007e B2F90220 		ldrsh	r2, [r2, #2]
 118:Core/Src/bmp180_for_stm32_hal.c **** 	int32_t x3 = x1 + x2;
 754              		.loc 1 118 33 view .LVU180
 755 0082 00FB02F2 		mul	r2, r0, r2
 118:Core/Src/bmp180_for_stm32_hal.c **** 	int32_t x3 = x1 + x2;
 756              		.loc 1 118 5 view .LVU181
 757 0086 002A     		cmp	r2, #0
 758 0088 5BDB     		blt	.L56
 759              	.L41:
 760              	.LVL73:
 119:Core/Src/bmp180_for_stm32_hal.c **** 	int32_t b3 = (((_bmp180_eeprom.BMP180_AC1 * 4 + x3) << _bmp180_oss) + 2) / 4;
 761              		.loc 1 119 2 is_stmt 1 view .LVU182
 119:Core/Src/bmp180_for_stm32_hal.c **** 	int32_t b3 = (((_bmp180_eeprom.BMP180_AC1 * 4 + x3) << _bmp180_oss) + 2) / 4;
 762              		.loc 1 119 10 is_stmt 0 view .LVU183
 763 008a 03EBE223 		add	r3, r3, r2, asr #11
 764              	.LVL74:
 120:Core/Src/bmp180_for_stm32_hal.c **** 	x1 = _bmp180_eeprom.BMP180_AC3 * b6 / (1 << 13);
 765              		.loc 1 120 2 is_stmt 1 view .LVU184
 120:Core/Src/bmp180_for_stm32_hal.c **** 	x1 = _bmp180_eeprom.BMP180_AC3 * b6 / (1 << 13);
 766              		.loc 1 120 32 is_stmt 0 view .LVU185
 767 008e 404A     		ldr	r2, .L65+12
 768              	.LVL75:
 120:Core/Src/bmp180_for_stm32_hal.c **** 	x1 = _bmp180_eeprom.BMP180_AC3 * b6 / (1 << 13);
 769              		.loc 1 120 32 view .LVU186
 770 0090 B2F90020 		ldrsh	r2, [r2]
 120:Core/Src/bmp180_for_stm32_hal.c **** 	x1 = _bmp180_eeprom.BMP180_AC3 * b6 / (1 << 13);
 771              		.loc 1 120 48 view .LVU187
 772 0094 03EB8203 		add	r3, r3, r2, lsl #2
 773              	.LVL76:
 120:Core/Src/bmp180_for_stm32_hal.c **** 	x1 = _bmp180_eeprom.BMP180_AC3 * b6 / (1 << 13);
 774              		.loc 1 120 54 view .LVU188
 775 0098 3A4A     		ldr	r2, .L65
 776 009a 92F800C0 		ldrb	ip, [r2]	@ zero_extendqisi2
 777 009e 03FA0CF3 		lsl	r3, r3, ip
 120:Core/Src/bmp180_for_stm32_hal.c **** 	x1 = _bmp180_eeprom.BMP180_AC3 * b6 / (1 << 13);
 778              		.loc 1 120 10 view .LVU189
 779 00a2 0233     		adds	r3, r3, #2
 780 00a4 50D4     		bmi	.L57
 781              	.L42:
 782 00a6 9A10     		asrs	r2, r3, #2
 783              	.LVL77:
 121:Core/Src/bmp180_for_stm32_hal.c **** 	x2 = (_bmp180_eeprom.BMP180_B1 * (b6 * b6 / (1 << 12))) / (1 << 16);
ARM GAS  C:\Users\pc\AppData\Local\Temp\ccHlUvJh.s 			page 19


 784              		.loc 1 121 2 is_stmt 1 view .LVU190
 121:Core/Src/bmp180_for_stm32_hal.c **** 	x2 = (_bmp180_eeprom.BMP180_B1 * (b6 * b6 / (1 << 12))) / (1 << 16);
 785              		.loc 1 121 21 is_stmt 0 view .LVU191
 786 00a8 394B     		ldr	r3, .L65+12
 787 00aa B3F90430 		ldrsh	r3, [r3, #4]
 121:Core/Src/bmp180_for_stm32_hal.c **** 	x2 = (_bmp180_eeprom.BMP180_B1 * (b6 * b6 / (1 << 12))) / (1 << 16);
 788              		.loc 1 121 33 view .LVU192
 789 00ae 00FB03F3 		mul	r3, r0, r3
 121:Core/Src/bmp180_for_stm32_hal.c **** 	x2 = (_bmp180_eeprom.BMP180_B1 * (b6 * b6 / (1 << 12))) / (1 << 16);
 790              		.loc 1 121 5 view .LVU193
 791 00b2 002B     		cmp	r3, #0
 792 00b4 4ADB     		blt	.L58
 793              	.L43:
 794 00b6 5B13     		asrs	r3, r3, #13
 795              	.LVL78:
 122:Core/Src/bmp180_for_stm32_hal.c **** 	x3 = ((x1 + x2) + 2) / 4;
 796              		.loc 1 122 2 is_stmt 1 view .LVU194
 122:Core/Src/bmp180_for_stm32_hal.c **** 	x3 = ((x1 + x2) + 2) / 4;
 797              		.loc 1 122 22 is_stmt 0 view .LVU195
 798 00b8 3548     		ldr	r0, .L65+12
 799              	.LVL79:
 122:Core/Src/bmp180_for_stm32_hal.c **** 	x3 = ((x1 + x2) + 2) / 4;
 800              		.loc 1 122 22 view .LVU196
 801 00ba B0F90C00 		ldrsh	r0, [r0, #12]
 122:Core/Src/bmp180_for_stm32_hal.c **** 	x3 = ((x1 + x2) + 2) / 4;
 802              		.loc 1 122 33 view .LVU197
 803 00be 00FB0EFE 		mul	lr, r0, lr
 122:Core/Src/bmp180_for_stm32_hal.c **** 	x3 = ((x1 + x2) + 2) / 4;
 804              		.loc 1 122 5 view .LVU198
 805 00c2 BEF1000F 		cmp	lr, #0
 806 00c6 45DB     		blt	.L59
 807              	.L44:
 808              	.LVL80:
 123:Core/Src/bmp180_for_stm32_hal.c **** 	uint32_t b4 = _bmp180_eeprom.BMP180_AC4 * (uint32_t) (x3 + 32768) / (1 << 15);
 809              		.loc 1 123 2 is_stmt 1 view .LVU199
 123:Core/Src/bmp180_for_stm32_hal.c **** 	uint32_t b4 = _bmp180_eeprom.BMP180_AC4 * (uint32_t) (x3 + 32768) / (1 << 15);
 810              		.loc 1 123 12 is_stmt 0 view .LVU200
 811 00c8 03EB2E43 		add	r3, r3, lr, asr #16
 812              	.LVL81:
 123:Core/Src/bmp180_for_stm32_hal.c **** 	uint32_t b4 = _bmp180_eeprom.BMP180_AC4 * (uint32_t) (x3 + 32768) / (1 << 15);
 813              		.loc 1 123 5 view .LVU201
 814 00cc 0233     		adds	r3, r3, #2
 815 00ce 46D4     		bmi	.L60
 816              	.L45:
 817 00d0 9B10     		asrs	r3, r3, #2
 818              	.LVL82:
 124:Core/Src/bmp180_for_stm32_hal.c **** 	uint32_t b7 = ((uint32_t) up - b3) * (50000 >> _bmp180_oss);
 819              		.loc 1 124 2 is_stmt 1 view .LVU202
 124:Core/Src/bmp180_for_stm32_hal.c **** 	uint32_t b7 = ((uint32_t) up - b3) * (50000 >> _bmp180_oss);
 820              		.loc 1 124 30 is_stmt 0 view .LVU203
 821 00d2 2F48     		ldr	r0, .L65+12
 822 00d4 C088     		ldrh	r0, [r0, #6]
 124:Core/Src/bmp180_for_stm32_hal.c **** 	uint32_t b7 = ((uint32_t) up - b3) * (50000 >> _bmp180_oss);
 823              		.loc 1 124 59 view .LVU204
 824 00d6 03F50043 		add	r3, r3, #32768
 825              	.LVL83:
 124:Core/Src/bmp180_for_stm32_hal.c **** 	uint32_t b7 = ((uint32_t) up - b3) * (50000 >> _bmp180_oss);
ARM GAS  C:\Users\pc\AppData\Local\Temp\ccHlUvJh.s 			page 20


 826              		.loc 1 124 42 view .LVU205
 827 00da 00FB03F3 		mul	r3, r0, r3
 828              	.LVL84:
 124:Core/Src/bmp180_for_stm32_hal.c **** 	uint32_t b7 = ((uint32_t) up - b3) * (50000 >> _bmp180_oss);
 829              		.loc 1 124 11 view .LVU206
 830 00de DB0B     		lsrs	r3, r3, #15
 831              	.LVL85:
 125:Core/Src/bmp180_for_stm32_hal.c **** 	int32_t p;
 832              		.loc 1 125 2 is_stmt 1 view .LVU207
 125:Core/Src/bmp180_for_stm32_hal.c **** 	int32_t p;
 833              		.loc 1 125 31 is_stmt 0 view .LVU208
 834 00e0 881A     		subs	r0, r1, r2
 125:Core/Src/bmp180_for_stm32_hal.c **** 	int32_t p;
 835              		.loc 1 125 46 view .LVU209
 836 00e2 4CF25032 		movw	r2, #50000
 837              	.LVL86:
 125:Core/Src/bmp180_for_stm32_hal.c **** 	int32_t p;
 838              		.loc 1 125 46 view .LVU210
 839 00e6 42FA0CF2 		asr	r2, r2, ip
 125:Core/Src/bmp180_for_stm32_hal.c **** 	int32_t p;
 840              		.loc 1 125 11 view .LVU211
 841 00ea 02FB00F0 		mul	r0, r2, r0
 842              	.LVL87:
 126:Core/Src/bmp180_for_stm32_hal.c **** 	if (b7 < 0x80000000)
 843              		.loc 1 126 2 is_stmt 1 view .LVU212
 127:Core/Src/bmp180_for_stm32_hal.c **** 		p = (b7 * 2) / b4;
 844              		.loc 1 127 2 view .LVU213
 127:Core/Src/bmp180_for_stm32_hal.c **** 		p = (b7 * 2) / b4;
 845              		.loc 1 127 5 is_stmt 0 view .LVU214
 846 00ee 0028     		cmp	r0, #0
 847 00f0 37DB     		blt	.L46
 128:Core/Src/bmp180_for_stm32_hal.c **** 	else
 848              		.loc 1 128 3 is_stmt 1 view .LVU215
 128:Core/Src/bmp180_for_stm32_hal.c **** 	else
 849              		.loc 1 128 11 is_stmt 0 view .LVU216
 850 00f2 4000     		lsls	r0, r0, #1
 851              	.LVL88:
 128:Core/Src/bmp180_for_stm32_hal.c **** 	else
 852              		.loc 1 128 16 view .LVU217
 853 00f4 B0FBF3F0 		udiv	r0, r0, r3
 854              	.LVL89:
 855              	.L47:
 131:Core/Src/bmp180_for_stm32_hal.c **** 	x1 = (x1 * 3038) / (1 << 16);
 856              		.loc 1 131 2 is_stmt 1 view .LVU218
 131:Core/Src/bmp180_for_stm32_hal.c **** 	x1 = (x1 * 3038) / (1 << 16);
 857              		.loc 1 131 10 is_stmt 0 view .LVU219
 858 00f8 0346     		mov	r3, r0
 859              	.LVL90:
 131:Core/Src/bmp180_for_stm32_hal.c **** 	x1 = (x1 * 3038) / (1 << 16);
 860              		.loc 1 131 10 view .LVU220
 861 00fa 0028     		cmp	r0, #0
 862 00fc 35DB     		blt	.L61
 863              	.L48:
 131:Core/Src/bmp180_for_stm32_hal.c **** 	x1 = (x1 * 3038) / (1 << 16);
 864              		.loc 1 131 10 view .LVU221
 865 00fe 1B12     		asrs	r3, r3, #8
 131:Core/Src/bmp180_for_stm32_hal.c **** 	x1 = (x1 * 3038) / (1 << 16);
ARM GAS  C:\Users\pc\AppData\Local\Temp\ccHlUvJh.s 			page 21


 866              		.loc 1 131 5 view .LVU222
 867 0100 03FB03F3 		mul	r3, r3, r3
 868              	.LVL91:
 132:Core/Src/bmp180_for_stm32_hal.c **** 	x2 = (-7357 * p) / (1 << 16);
 869              		.loc 1 132 2 is_stmt 1 view .LVU223
 132:Core/Src/bmp180_for_stm32_hal.c **** 	x2 = (-7357 * p) / (1 << 16);
 870              		.loc 1 132 11 is_stmt 0 view .LVU224
 871 0104 40F6DE32 		movw	r2, #3038
 132:Core/Src/bmp180_for_stm32_hal.c **** 	x2 = (-7357 * p) / (1 << 16);
 872              		.loc 1 132 11 view .LVU225
 873 0108 02FB03F3 		mul	r3, r2, r3
 874              	.LVL92:
 132:Core/Src/bmp180_for_stm32_hal.c **** 	x2 = (-7357 * p) / (1 << 16);
 875              		.loc 1 132 5 view .LVU226
 876 010c 002B     		cmp	r3, #0
 877 010e 2FDB     		blt	.L62
 878              	.L49:
 879 0110 1B14     		asrs	r3, r3, #16
 880              	.LVL93:
 133:Core/Src/bmp180_for_stm32_hal.c **** 	p = p + (x1 + x2 + 3791) / (1 << 4);
 881              		.loc 1 133 2 is_stmt 1 view .LVU227
 133:Core/Src/bmp180_for_stm32_hal.c **** 	p = p + (x1 + x2 + 3791) / (1 << 4);
 882              		.loc 1 133 14 is_stmt 0 view .LVU228
 883 0112 204A     		ldr	r2, .L65+16
 884 0114 00FB02F2 		mul	r2, r0, r2
 133:Core/Src/bmp180_for_stm32_hal.c **** 	p = p + (x1 + x2 + 3791) / (1 << 4);
 885              		.loc 1 133 5 view .LVU229
 886 0118 002A     		cmp	r2, #0
 887 011a 2DDB     		blt	.L63
 888              	.L50:
 889              	.LVL94:
 134:Core/Src/bmp180_for_stm32_hal.c **** 	return p;
 890              		.loc 1 134 2 is_stmt 1 view .LVU230
 134:Core/Src/bmp180_for_stm32_hal.c **** 	return p;
 891              		.loc 1 134 14 is_stmt 0 view .LVU231
 892 011c 03EB2243 		add	r3, r3, r2, asr #16
 893              	.LVL95:
 134:Core/Src/bmp180_for_stm32_hal.c **** 	return p;
 894              		.loc 1 134 19 view .LVU232
 895 0120 03F6CF63 		addw	r3, r3, #3791
 134:Core/Src/bmp180_for_stm32_hal.c **** 	return p;
 896              		.loc 1 134 27 view .LVU233
 897 0124 002B     		cmp	r3, #0
 898 0126 2BDB     		blt	.L64
 899              	.L51:
 900              	.LVL96:
 135:Core/Src/bmp180_for_stm32_hal.c **** }
 901              		.loc 1 135 2 is_stmt 1 view .LVU234
 136:Core/Src/bmp180_for_stm32_hal.c **** 
 902              		.loc 1 136 1 is_stmt 0 view .LVU235
 903 0128 00EB2310 		add	r0, r0, r3, asr #4
 904              	.LVL97:
 136:Core/Src/bmp180_for_stm32_hal.c **** 
 905              		.loc 1 136 1 view .LVU236
 906 012c 38BD     		pop	{r3, r4, r5, pc}
 907              	.LVL98:
 908              	.L53:
ARM GAS  C:\Users\pc\AppData\Local\Temp\ccHlUvJh.s 			page 22


 113:Core/Src/bmp180_for_stm32_hal.c **** 	int32_t x2 = (_bmp180_eeprom.BMP180_MC * (1 << 11)) / (x1 + _bmp180_eeprom.BMP180_MD);
 909              		.loc 1 113 10 view .LVU237
 910 012e 03F5FF43 		add	r3, r3, #32640
 911 0132 7F33     		adds	r3, r3, #127
 912 0134 86E7     		b	.L38
 913              	.LVL99:
 914              	.L54:
 117:Core/Src/bmp180_for_stm32_hal.c **** 	x2 = _bmp180_eeprom.BMP180_AC2 * b6 / (1 << 11);
 915              		.loc 1 117 44 view .LVU238
 916 0136 0EF6FF7E 		addw	lr, lr, #4095
 917 013a 98E7     		b	.L39
 918              	.L55:
 117:Core/Src/bmp180_for_stm32_hal.c **** 	x2 = _bmp180_eeprom.BMP180_AC2 * b6 / (1 << 11);
 919              		.loc 1 117 5 view .LVU239
 920 013c 03F2FF73 		addw	r3, r3, #2047
 921 0140 9BE7     		b	.L40
 922              	.LVL100:
 923              	.L56:
 118:Core/Src/bmp180_for_stm32_hal.c **** 	int32_t x3 = x1 + x2;
 924              		.loc 1 118 5 view .LVU240
 925 0142 02F2FF72 		addw	r2, r2, #2047
 926 0146 A0E7     		b	.L41
 927              	.LVL101:
 928              	.L57:
 120:Core/Src/bmp180_for_stm32_hal.c **** 	x1 = _bmp180_eeprom.BMP180_AC3 * b6 / (1 << 13);
 929              		.loc 1 120 10 view .LVU241
 930 0148 0333     		adds	r3, r3, #3
 931 014a ACE7     		b	.L42
 932              	.LVL102:
 933              	.L58:
 121:Core/Src/bmp180_for_stm32_hal.c **** 	x2 = (_bmp180_eeprom.BMP180_B1 * (b6 * b6 / (1 << 12))) / (1 << 16);
 934              		.loc 1 121 5 view .LVU242
 935 014c 03F5FF53 		add	r3, r3, #8160
 936 0150 1F33     		adds	r3, r3, #31
 937 0152 B0E7     		b	.L43
 938              	.LVL103:
 939              	.L59:
 122:Core/Src/bmp180_for_stm32_hal.c **** 	x3 = ((x1 + x2) + 2) / 4;
 940              		.loc 1 122 5 view .LVU243
 941 0154 0EF57F4E 		add	lr, lr, #65280
 942 0158 0EF1FF0E 		add	lr, lr, #255
 943 015c B4E7     		b	.L44
 944              	.LVL104:
 945              	.L60:
 123:Core/Src/bmp180_for_stm32_hal.c **** 	uint32_t b4 = _bmp180_eeprom.BMP180_AC4 * (uint32_t) (x3 + 32768) / (1 << 15);
 946              		.loc 1 123 5 view .LVU244
 947 015e 0333     		adds	r3, r3, #3
 948 0160 B6E7     		b	.L45
 949              	.LVL105:
 950              	.L46:
 130:Core/Src/bmp180_for_stm32_hal.c **** 	x1 = (p / (1 << 8)) * (p / (1 << 8));
 951              		.loc 1 130 3 is_stmt 1 view .LVU245
 130:Core/Src/bmp180_for_stm32_hal.c **** 	x1 = (p / (1 << 8)) * (p / (1 << 8));
 952              		.loc 1 130 11 is_stmt 0 view .LVU246
 953 0162 B0FBF3F0 		udiv	r0, r0, r3
 954              	.LVL106:
 130:Core/Src/bmp180_for_stm32_hal.c **** 	x1 = (p / (1 << 8)) * (p / (1 << 8));
ARM GAS  C:\Users\pc\AppData\Local\Temp\ccHlUvJh.s 			page 23


 955              		.loc 1 130 17 view .LVU247
 956 0166 4000     		lsls	r0, r0, #1
 957              	.LVL107:
 130:Core/Src/bmp180_for_stm32_hal.c **** 	x1 = (p / (1 << 8)) * (p / (1 << 8));
 958              		.loc 1 130 17 view .LVU248
 959 0168 C6E7     		b	.L47
 960              	.LVL108:
 961              	.L61:
 131:Core/Src/bmp180_for_stm32_hal.c **** 	x1 = (x1 * 3038) / (1 << 16);
 962              		.loc 1 131 10 view .LVU249
 963 016a 00F1FF03 		add	r3, r0, #255
 964 016e C6E7     		b	.L48
 965              	.L62:
 132:Core/Src/bmp180_for_stm32_hal.c **** 	x2 = (-7357 * p) / (1 << 16);
 966              		.loc 1 132 5 view .LVU250
 967 0170 03F57F43 		add	r3, r3, #65280
 968 0174 FF33     		adds	r3, r3, #255
 969 0176 CBE7     		b	.L49
 970              	.LVL109:
 971              	.L63:
 133:Core/Src/bmp180_for_stm32_hal.c **** 	p = p + (x1 + x2 + 3791) / (1 << 4);
 972              		.loc 1 133 5 view .LVU251
 973 0178 02F57F42 		add	r2, r2, #65280
 974 017c FF32     		adds	r2, r2, #255
 975 017e CDE7     		b	.L50
 976              	.LVL110:
 977              	.L64:
 134:Core/Src/bmp180_for_stm32_hal.c **** 	return p;
 978              		.loc 1 134 27 view .LVU252
 979 0180 0F33     		adds	r3, r3, #15
 980 0182 D1E7     		b	.L51
 981              	.L66:
 982              		.align	2
 983              	.L65:
 984 0184 00000000 		.word	_bmp180_oss
 985 0188 00000000 		.word	BMP180_CMD_PRES
 986 018c 00000000 		.word	BMP180_DELAY_PRES
 987 0190 00000000 		.word	_bmp180_eeprom
 988 0194 43E3FFFF 		.word	-7357
 989              		.cfi_endproc
 990              	.LFE137:
 992              		.global	BMP180_DELAY_PRES
 993              		.section	.rodata.BMP180_DELAY_PRES,"a"
 994              		.align	2
 997              	BMP180_DELAY_PRES:
 998 0000 05080E1A 		.ascii	"\005\010\016\032"
 999              		.global	BMP180_CMD_PRES
 1000              		.section	.rodata.BMP180_CMD_PRES,"a"
 1001              		.align	2
 1004              	BMP180_CMD_PRES:
 1005 0000 3474B4F4 		.ascii	"4t\264\364"
 1006              		.global	BMP180_DELAY_TEMP
 1007              		.section	.rodata.BMP180_DELAY_TEMP,"a"
 1010              	BMP180_DELAY_TEMP:
 1011 0000 05       		.byte	5
 1012              		.global	BMP180_CMD_TEMP
 1013              		.section	.rodata.BMP180_CMD_TEMP,"a"
ARM GAS  C:\Users\pc\AppData\Local\Temp\ccHlUvJh.s 			page 24


 1016              	BMP180_CMD_TEMP:
 1017 0000 2E       		.byte	46
 1018              		.global	BMP180_EEPROM_ADDR_LSB
 1019              		.section	.rodata.BMP180_EEPROM_ADDR_LSB,"a"
 1020              		.align	2
 1023              	BMP180_EEPROM_ADDR_LSB:
 1024 0000 ABADAFB1 		.ascii	"\253\255\257\261\263\265\267\271\273\275\277"
 1024      B3B5B7B9 
 1024      BBBDBF
 1025              		.global	BMP180_EEPROM_ADDR_MSB
 1026              		.section	.rodata.BMP180_EEPROM_ADDR_MSB,"a"
 1027              		.align	2
 1030              	BMP180_EEPROM_ADDR_MSB:
 1031 0000 AAACAEB0 		.ascii	"\252\254\256\260\262\264\266\270\272\274\276"
 1031      B2B4B6B8 
 1031      BABCBE
 1032              		.global	_bmp180_oss
 1033              		.section	.bss._bmp180_oss,"aw",%nobits
 1036              	_bmp180_oss:
 1037 0000 00       		.space	1
 1038              		.global	_bmp180_eeprom
 1039              		.section	.bss._bmp180_eeprom,"aw",%nobits
 1040              		.align	2
 1043              	_bmp180_eeprom:
 1044 0000 00000000 		.space	22
 1044      00000000 
 1044      00000000 
 1044      00000000 
 1044      00000000 
 1045              		.global	_bmp180_ui2c
 1046              		.section	.bss._bmp180_ui2c,"aw",%nobits
 1047              		.align	2
 1050              	_bmp180_ui2c:
 1051 0000 00000000 		.space	4
 1052              		.text
 1053              	.Letext0:
 1054              		.file 2 "c:\\program files (x86)\\arm gnu toolchain arm-none-eabi\\12.2 mpacbti-rel1\\arm-none-eab
 1055              		.file 3 "c:\\program files (x86)\\arm gnu toolchain arm-none-eabi\\12.2 mpacbti-rel1\\arm-none-eab
 1056              		.file 4 "Drivers/CMSIS/Device/ST/STM32F4xx/Include/stm32f446xx.h"
 1057              		.file 5 "Drivers/STM32F4xx_HAL_Driver/Inc/stm32f4xx_hal_def.h"
 1058              		.file 6 "Drivers/STM32F4xx_HAL_Driver/Inc/stm32f4xx_hal_dma.h"
 1059              		.file 7 "Drivers/STM32F4xx_HAL_Driver/Inc/stm32f4xx_hal_i2c.h"
 1060              		.file 8 "Core/Inc/bmp180_for_stm32_hal.h"
 1061              		.file 9 "Drivers/STM32F4xx_HAL_Driver/Inc/stm32f4xx_hal.h"
ARM GAS  C:\Users\pc\AppData\Local\Temp\ccHlUvJh.s 			page 25


DEFINED SYMBOLS
                            *ABS*:00000000 bmp180_for_stm32_hal.c
C:\Users\pc\AppData\Local\Temp\ccHlUvJh.s:21     .text.BMP180_Init:00000000 $t
C:\Users\pc\AppData\Local\Temp\ccHlUvJh.s:27     .text.BMP180_Init:00000000 BMP180_Init
C:\Users\pc\AppData\Local\Temp\ccHlUvJh.s:44     .text.BMP180_Init:00000008 $d
C:\Users\pc\AppData\Local\Temp\ccHlUvJh.s:1050   .bss._bmp180_ui2c:00000000 _bmp180_ui2c
C:\Users\pc\AppData\Local\Temp\ccHlUvJh.s:49     .text.BMP180_SetOversampling:00000000 $t
C:\Users\pc\AppData\Local\Temp\ccHlUvJh.s:55     .text.BMP180_SetOversampling:00000000 BMP180_SetOversampling
C:\Users\pc\AppData\Local\Temp\ccHlUvJh.s:72     .text.BMP180_SetOversampling:00000008 $d
C:\Users\pc\AppData\Local\Temp\ccHlUvJh.s:1036   .bss._bmp180_oss:00000000 _bmp180_oss
C:\Users\pc\AppData\Local\Temp\ccHlUvJh.s:77     .text.BMP180_WriteReg:00000000 $t
C:\Users\pc\AppData\Local\Temp\ccHlUvJh.s:83     .text.BMP180_WriteReg:00000000 BMP180_WriteReg
C:\Users\pc\AppData\Local\Temp\ccHlUvJh.s:125    .text.BMP180_WriteReg:00000028 $d
C:\Users\pc\AppData\Local\Temp\ccHlUvJh.s:130    .text.BMP180_ReadReg:00000000 $t
C:\Users\pc\AppData\Local\Temp\ccHlUvJh.s:136    .text.BMP180_ReadReg:00000000 BMP180_ReadReg
C:\Users\pc\AppData\Local\Temp\ccHlUvJh.s:186    .text.BMP180_ReadReg:00000038 $d
C:\Users\pc\AppData\Local\Temp\ccHlUvJh.s:191    .text.BMP180_UpdateCalibrationData:00000000 $t
C:\Users\pc\AppData\Local\Temp\ccHlUvJh.s:197    .text.BMP180_UpdateCalibrationData:00000000 BMP180_UpdateCalibrationData
C:\Users\pc\AppData\Local\Temp\ccHlUvJh.s:392    .text.BMP180_UpdateCalibrationData:000000e4 $d
C:\Users\pc\AppData\Local\Temp\ccHlUvJh.s:1043   .bss._bmp180_eeprom:00000000 _bmp180_eeprom
C:\Users\pc\AppData\Local\Temp\ccHlUvJh.s:397    .text.BMP180_GetRawTemperature:00000000 $t
C:\Users\pc\AppData\Local\Temp\ccHlUvJh.s:403    .text.BMP180_GetRawTemperature:00000000 BMP180_GetRawTemperature
C:\Users\pc\AppData\Local\Temp\ccHlUvJh.s:498    .text.BMP180_GetRawTemperature:00000060 $d
C:\Users\pc\AppData\Local\Temp\ccHlUvJh.s:506    .text.BMP180_GetTemperature:00000000 $t
C:\Users\pc\AppData\Local\Temp\ccHlUvJh.s:512    .text.BMP180_GetTemperature:00000000 BMP180_GetTemperature
C:\Users\pc\AppData\Local\Temp\ccHlUvJh.s:544    .text.BMP180_GetTemperature:0000001c $d
C:\Users\pc\AppData\Local\Temp\ccHlUvJh.s:549    .text.BMP180_GetUT:00000000 $t
C:\Users\pc\AppData\Local\Temp\ccHlUvJh.s:555    .text.BMP180_GetUT:00000000 BMP180_GetUT
C:\Users\pc\AppData\Local\Temp\ccHlUvJh.s:584    .text.BMP180_GetUP:00000000 $t
C:\Users\pc\AppData\Local\Temp\ccHlUvJh.s:590    .text.BMP180_GetUP:00000000 BMP180_GetUP
C:\Users\pc\AppData\Local\Temp\ccHlUvJh.s:630    .text.BMP180_GetUP:0000002c $d
C:\Users\pc\AppData\Local\Temp\ccHlUvJh.s:635    .text.BMP180_GetPressure:00000000 $t
C:\Users\pc\AppData\Local\Temp\ccHlUvJh.s:641    .text.BMP180_GetPressure:00000000 BMP180_GetPressure
C:\Users\pc\AppData\Local\Temp\ccHlUvJh.s:984    .text.BMP180_GetPressure:00000184 $d
C:\Users\pc\AppData\Local\Temp\ccHlUvJh.s:1004   .rodata.BMP180_CMD_PRES:00000000 BMP180_CMD_PRES
C:\Users\pc\AppData\Local\Temp\ccHlUvJh.s:997    .rodata.BMP180_DELAY_PRES:00000000 BMP180_DELAY_PRES
C:\Users\pc\AppData\Local\Temp\ccHlUvJh.s:994    .rodata.BMP180_DELAY_PRES:00000000 $d
C:\Users\pc\AppData\Local\Temp\ccHlUvJh.s:1001   .rodata.BMP180_CMD_PRES:00000000 $d
C:\Users\pc\AppData\Local\Temp\ccHlUvJh.s:1010   .rodata.BMP180_DELAY_TEMP:00000000 BMP180_DELAY_TEMP
C:\Users\pc\AppData\Local\Temp\ccHlUvJh.s:1016   .rodata.BMP180_CMD_TEMP:00000000 BMP180_CMD_TEMP
C:\Users\pc\AppData\Local\Temp\ccHlUvJh.s:1023   .rodata.BMP180_EEPROM_ADDR_LSB:00000000 BMP180_EEPROM_ADDR_LSB
C:\Users\pc\AppData\Local\Temp\ccHlUvJh.s:1020   .rodata.BMP180_EEPROM_ADDR_LSB:00000000 $d
C:\Users\pc\AppData\Local\Temp\ccHlUvJh.s:1030   .rodata.BMP180_EEPROM_ADDR_MSB:00000000 BMP180_EEPROM_ADDR_MSB
C:\Users\pc\AppData\Local\Temp\ccHlUvJh.s:1027   .rodata.BMP180_EEPROM_ADDR_MSB:00000000 $d
C:\Users\pc\AppData\Local\Temp\ccHlUvJh.s:1037   .bss._bmp180_oss:00000000 $d
C:\Users\pc\AppData\Local\Temp\ccHlUvJh.s:1040   .bss._bmp180_eeprom:00000000 $d
C:\Users\pc\AppData\Local\Temp\ccHlUvJh.s:1047   .bss._bmp180_ui2c:00000000 $d

UNDEFINED SYMBOLS
HAL_I2C_Master_Transmit
HAL_I2C_Master_Receive
HAL_Delay
__aeabi_i2d
__aeabi_ddiv
__aeabi_d2f
