ARM GAS  C:\Users\pc\AppData\Local\Temp\ccW8LOFC.s 			page 1


   1              		.cpu cortex-m4
   2              		.arch armv7e-m
   3              		.fpu fpv4-sp-d16
   4              		.eabi_attribute 27, 1
   5              		.eabi_attribute 28, 1
   6              		.eabi_attribute 20, 1
   7              		.eabi_attribute 21, 1
   8              		.eabi_attribute 23, 3
   9              		.eabi_attribute 24, 1
  10              		.eabi_attribute 25, 1
  11              		.eabi_attribute 26, 1
  12              		.eabi_attribute 30, 1
  13              		.eabi_attribute 34, 1
  14              		.eabi_attribute 18, 4
  15              		.file	"stm32f4xx_it.c"
  16              		.text
  17              	.Ltext0:
  18              		.cfi_sections	.debug_frame
  19              		.file 1 "Core/Src/stm32f4xx_it.c"
  20              		.section	.text.NMI_Handler,"ax",%progbits
  21              		.align	1
  22              		.global	NMI_Handler
  23              		.syntax unified
  24              		.thumb
  25              		.thumb_func
  27              	NMI_Handler:
  28              	.LFB130:
   1:Core/Src/stm32f4xx_it.c **** /* USER CODE BEGIN Header */
   2:Core/Src/stm32f4xx_it.c **** /**
   3:Core/Src/stm32f4xx_it.c ****   ******************************************************************************
   4:Core/Src/stm32f4xx_it.c ****   * @file    stm32f4xx_it.c
   5:Core/Src/stm32f4xx_it.c ****   * @brief   Interrupt Service Routines.
   6:Core/Src/stm32f4xx_it.c ****   ******************************************************************************
   7:Core/Src/stm32f4xx_it.c ****   * @attention
   8:Core/Src/stm32f4xx_it.c ****   *
   9:Core/Src/stm32f4xx_it.c ****   * Copyright (c) 2023 STMicroelectronics.
  10:Core/Src/stm32f4xx_it.c ****   * All rights reserved.
  11:Core/Src/stm32f4xx_it.c ****   *
  12:Core/Src/stm32f4xx_it.c ****   * This software is licensed under terms that can be found in the LICENSE file
  13:Core/Src/stm32f4xx_it.c ****   * in the root directory of this software component.
  14:Core/Src/stm32f4xx_it.c ****   * If no LICENSE file comes with this software, it is provided AS-IS.
  15:Core/Src/stm32f4xx_it.c ****   *
  16:Core/Src/stm32f4xx_it.c ****   ******************************************************************************
  17:Core/Src/stm32f4xx_it.c ****   */
  18:Core/Src/stm32f4xx_it.c **** /* USER CODE END Header */
  19:Core/Src/stm32f4xx_it.c **** 
  20:Core/Src/stm32f4xx_it.c **** /* Includes ------------------------------------------------------------------*/
  21:Core/Src/stm32f4xx_it.c **** #include "main.h"
  22:Core/Src/stm32f4xx_it.c **** #include "stm32f4xx_it.h"
  23:Core/Src/stm32f4xx_it.c **** /* Private includes ----------------------------------------------------------*/
  24:Core/Src/stm32f4xx_it.c **** /* USER CODE BEGIN Includes */
  25:Core/Src/stm32f4xx_it.c **** /* USER CODE END Includes */
  26:Core/Src/stm32f4xx_it.c **** 
  27:Core/Src/stm32f4xx_it.c **** /* Private typedef -----------------------------------------------------------*/
  28:Core/Src/stm32f4xx_it.c **** /* USER CODE BEGIN TD */
  29:Core/Src/stm32f4xx_it.c **** 
  30:Core/Src/stm32f4xx_it.c **** /* USER CODE END TD */
ARM GAS  C:\Users\pc\AppData\Local\Temp\ccW8LOFC.s 			page 2


  31:Core/Src/stm32f4xx_it.c **** 
  32:Core/Src/stm32f4xx_it.c **** /* Private define ------------------------------------------------------------*/
  33:Core/Src/stm32f4xx_it.c **** /* USER CODE BEGIN PD */
  34:Core/Src/stm32f4xx_it.c **** 
  35:Core/Src/stm32f4xx_it.c **** /* USER CODE END PD */
  36:Core/Src/stm32f4xx_it.c **** 
  37:Core/Src/stm32f4xx_it.c **** /* Private macro -------------------------------------------------------------*/
  38:Core/Src/stm32f4xx_it.c **** /* USER CODE BEGIN PM */
  39:Core/Src/stm32f4xx_it.c **** 
  40:Core/Src/stm32f4xx_it.c **** /* USER CODE END PM */
  41:Core/Src/stm32f4xx_it.c **** 
  42:Core/Src/stm32f4xx_it.c **** /* Private variables ---------------------------------------------------------*/
  43:Core/Src/stm32f4xx_it.c **** /* USER CODE BEGIN PV */
  44:Core/Src/stm32f4xx_it.c **** 
  45:Core/Src/stm32f4xx_it.c **** /* USER CODE END PV */
  46:Core/Src/stm32f4xx_it.c **** 
  47:Core/Src/stm32f4xx_it.c **** /* Private function prototypes -----------------------------------------------*/
  48:Core/Src/stm32f4xx_it.c **** /* USER CODE BEGIN PFP */
  49:Core/Src/stm32f4xx_it.c **** 
  50:Core/Src/stm32f4xx_it.c **** /* USER CODE END PFP */
  51:Core/Src/stm32f4xx_it.c **** 
  52:Core/Src/stm32f4xx_it.c **** /* Private user code ---------------------------------------------------------*/
  53:Core/Src/stm32f4xx_it.c **** /* USER CODE BEGIN 0 */
  54:Core/Src/stm32f4xx_it.c **** 
  55:Core/Src/stm32f4xx_it.c **** /* USER CODE END 0 */
  56:Core/Src/stm32f4xx_it.c **** 
  57:Core/Src/stm32f4xx_it.c **** /* External variables --------------------------------------------------------*/
  58:Core/Src/stm32f4xx_it.c **** extern DMA_HandleTypeDef hdma_tim2_ch2_ch4;
  59:Core/Src/stm32f4xx_it.c **** extern DMA_HandleTypeDef hdma_tim2_up_ch3;
  60:Core/Src/stm32f4xx_it.c **** extern DMA_HandleTypeDef hdma_tim3_ch2;
  61:Core/Src/stm32f4xx_it.c **** extern DMA_HandleTypeDef hdma_tim3_ch1_trig;
  62:Core/Src/stm32f4xx_it.c **** extern UART_HandleTypeDef huart1;
  63:Core/Src/stm32f4xx_it.c **** /* USER CODE BEGIN EV */
  64:Core/Src/stm32f4xx_it.c **** 
  65:Core/Src/stm32f4xx_it.c **** /* USER CODE END EV */
  66:Core/Src/stm32f4xx_it.c **** 
  67:Core/Src/stm32f4xx_it.c **** /******************************************************************************/
  68:Core/Src/stm32f4xx_it.c **** /*           Cortex-M4 Processor Interruption and Exception Handlers          */
  69:Core/Src/stm32f4xx_it.c **** /******************************************************************************/
  70:Core/Src/stm32f4xx_it.c **** /**
  71:Core/Src/stm32f4xx_it.c ****   * @brief This function handles Non maskable interrupt.
  72:Core/Src/stm32f4xx_it.c ****   */
  73:Core/Src/stm32f4xx_it.c **** void NMI_Handler(void)
  74:Core/Src/stm32f4xx_it.c **** {
  29              		.loc 1 74 1 view -0
  30              		.cfi_startproc
  31              		@ Volatile: function does not return.
  32              		@ args = 0, pretend = 0, frame = 0
  33              		@ frame_needed = 0, uses_anonymous_args = 0
  34              		@ link register save eliminated.
  35              	.L2:
  75:Core/Src/stm32f4xx_it.c ****   /* USER CODE BEGIN NonMaskableInt_IRQn 0 */
  76:Core/Src/stm32f4xx_it.c **** 
  77:Core/Src/stm32f4xx_it.c ****   /* USER CODE END NonMaskableInt_IRQn 0 */
  78:Core/Src/stm32f4xx_it.c ****   /* USER CODE BEGIN NonMaskableInt_IRQn 1 */
  79:Core/Src/stm32f4xx_it.c ****   while (1)
  36              		.loc 1 79 3 discriminator 1 view .LVU1
ARM GAS  C:\Users\pc\AppData\Local\Temp\ccW8LOFC.s 			page 3


  80:Core/Src/stm32f4xx_it.c ****   {
  81:Core/Src/stm32f4xx_it.c ****   }
  37              		.loc 1 81 3 discriminator 1 view .LVU2
  79:Core/Src/stm32f4xx_it.c ****   {
  38              		.loc 1 79 9 discriminator 1 view .LVU3
  39 0000 FEE7     		b	.L2
  40              		.cfi_endproc
  41              	.LFE130:
  43              		.section	.text.HardFault_Handler,"ax",%progbits
  44              		.align	1
  45              		.global	HardFault_Handler
  46              		.syntax unified
  47              		.thumb
  48              		.thumb_func
  50              	HardFault_Handler:
  51              	.LFB131:
  82:Core/Src/stm32f4xx_it.c ****   /* USER CODE END NonMaskableInt_IRQn 1 */
  83:Core/Src/stm32f4xx_it.c **** }
  84:Core/Src/stm32f4xx_it.c **** 
  85:Core/Src/stm32f4xx_it.c **** /**
  86:Core/Src/stm32f4xx_it.c ****   * @brief This function handles Hard fault interrupt.
  87:Core/Src/stm32f4xx_it.c ****   */
  88:Core/Src/stm32f4xx_it.c **** void HardFault_Handler(void)
  89:Core/Src/stm32f4xx_it.c **** {
  52              		.loc 1 89 1 view -0
  53              		.cfi_startproc
  54              		@ Volatile: function does not return.
  55              		@ args = 0, pretend = 0, frame = 0
  56              		@ frame_needed = 0, uses_anonymous_args = 0
  57              		@ link register save eliminated.
  58              	.L4:
  90:Core/Src/stm32f4xx_it.c ****   /* USER CODE BEGIN HardFault_IRQn 0 */
  91:Core/Src/stm32f4xx_it.c **** 
  92:Core/Src/stm32f4xx_it.c ****   /* USER CODE END HardFault_IRQn 0 */
  93:Core/Src/stm32f4xx_it.c ****   while (1)
  59              		.loc 1 93 3 discriminator 1 view .LVU5
  94:Core/Src/stm32f4xx_it.c ****   {
  95:Core/Src/stm32f4xx_it.c ****     /* USER CODE BEGIN W1_HardFault_IRQn 0 */
  96:Core/Src/stm32f4xx_it.c ****     /* USER CODE END W1_HardFault_IRQn 0 */
  97:Core/Src/stm32f4xx_it.c ****   }
  60              		.loc 1 97 3 discriminator 1 view .LVU6
  93:Core/Src/stm32f4xx_it.c ****   {
  61              		.loc 1 93 9 discriminator 1 view .LVU7
  62 0000 FEE7     		b	.L4
  63              		.cfi_endproc
  64              	.LFE131:
  66              		.section	.text.MemManage_Handler,"ax",%progbits
  67              		.align	1
  68              		.global	MemManage_Handler
  69              		.syntax unified
  70              		.thumb
  71              		.thumb_func
  73              	MemManage_Handler:
  74              	.LFB132:
  98:Core/Src/stm32f4xx_it.c **** }
  99:Core/Src/stm32f4xx_it.c **** 
 100:Core/Src/stm32f4xx_it.c **** /**
ARM GAS  C:\Users\pc\AppData\Local\Temp\ccW8LOFC.s 			page 4


 101:Core/Src/stm32f4xx_it.c ****   * @brief This function handles Memory management fault.
 102:Core/Src/stm32f4xx_it.c ****   */
 103:Core/Src/stm32f4xx_it.c **** void MemManage_Handler(void)
 104:Core/Src/stm32f4xx_it.c **** {
  75              		.loc 1 104 1 view -0
  76              		.cfi_startproc
  77              		@ Volatile: function does not return.
  78              		@ args = 0, pretend = 0, frame = 0
  79              		@ frame_needed = 0, uses_anonymous_args = 0
  80              		@ link register save eliminated.
  81              	.L6:
 105:Core/Src/stm32f4xx_it.c ****   /* USER CODE BEGIN MemoryManagement_IRQn 0 */
 106:Core/Src/stm32f4xx_it.c **** 
 107:Core/Src/stm32f4xx_it.c ****   /* USER CODE END MemoryManagement_IRQn 0 */
 108:Core/Src/stm32f4xx_it.c ****   while (1)
  82              		.loc 1 108 3 discriminator 1 view .LVU9
 109:Core/Src/stm32f4xx_it.c ****   {
 110:Core/Src/stm32f4xx_it.c ****     /* USER CODE BEGIN W1_MemoryManagement_IRQn 0 */
 111:Core/Src/stm32f4xx_it.c ****     /* USER CODE END W1_MemoryManagement_IRQn 0 */
 112:Core/Src/stm32f4xx_it.c ****   }
  83              		.loc 1 112 3 discriminator 1 view .LVU10
 108:Core/Src/stm32f4xx_it.c ****   {
  84              		.loc 1 108 9 discriminator 1 view .LVU11
  85 0000 FEE7     		b	.L6
  86              		.cfi_endproc
  87              	.LFE132:
  89              		.section	.text.BusFault_Handler,"ax",%progbits
  90              		.align	1
  91              		.global	BusFault_Handler
  92              		.syntax unified
  93              		.thumb
  94              		.thumb_func
  96              	BusFault_Handler:
  97              	.LFB133:
 113:Core/Src/stm32f4xx_it.c **** }
 114:Core/Src/stm32f4xx_it.c **** 
 115:Core/Src/stm32f4xx_it.c **** /**
 116:Core/Src/stm32f4xx_it.c ****   * @brief This function handles Pre-fetch fault, memory access fault.
 117:Core/Src/stm32f4xx_it.c ****   */
 118:Core/Src/stm32f4xx_it.c **** void BusFault_Handler(void)
 119:Core/Src/stm32f4xx_it.c **** {
  98              		.loc 1 119 1 view -0
  99              		.cfi_startproc
 100              		@ Volatile: function does not return.
 101              		@ args = 0, pretend = 0, frame = 0
 102              		@ frame_needed = 0, uses_anonymous_args = 0
 103              		@ link register save eliminated.
 104              	.L8:
 120:Core/Src/stm32f4xx_it.c ****   /* USER CODE BEGIN BusFault_IRQn 0 */
 121:Core/Src/stm32f4xx_it.c **** 
 122:Core/Src/stm32f4xx_it.c ****   /* USER CODE END BusFault_IRQn 0 */
 123:Core/Src/stm32f4xx_it.c ****   while (1)
 105              		.loc 1 123 3 discriminator 1 view .LVU13
 124:Core/Src/stm32f4xx_it.c ****   {
 125:Core/Src/stm32f4xx_it.c ****     /* USER CODE BEGIN W1_BusFault_IRQn 0 */
 126:Core/Src/stm32f4xx_it.c ****     /* USER CODE END W1_BusFault_IRQn 0 */
 127:Core/Src/stm32f4xx_it.c ****   }
ARM GAS  C:\Users\pc\AppData\Local\Temp\ccW8LOFC.s 			page 5


 106              		.loc 1 127 3 discriminator 1 view .LVU14
 123:Core/Src/stm32f4xx_it.c ****   {
 107              		.loc 1 123 9 discriminator 1 view .LVU15
 108 0000 FEE7     		b	.L8
 109              		.cfi_endproc
 110              	.LFE133:
 112              		.section	.text.UsageFault_Handler,"ax",%progbits
 113              		.align	1
 114              		.global	UsageFault_Handler
 115              		.syntax unified
 116              		.thumb
 117              		.thumb_func
 119              	UsageFault_Handler:
 120              	.LFB134:
 128:Core/Src/stm32f4xx_it.c **** }
 129:Core/Src/stm32f4xx_it.c **** 
 130:Core/Src/stm32f4xx_it.c **** /**
 131:Core/Src/stm32f4xx_it.c ****   * @brief This function handles Undefined instruction or illegal state.
 132:Core/Src/stm32f4xx_it.c ****   */
 133:Core/Src/stm32f4xx_it.c **** void UsageFault_Handler(void)
 134:Core/Src/stm32f4xx_it.c **** {
 121              		.loc 1 134 1 view -0
 122              		.cfi_startproc
 123              		@ Volatile: function does not return.
 124              		@ args = 0, pretend = 0, frame = 0
 125              		@ frame_needed = 0, uses_anonymous_args = 0
 126              		@ link register save eliminated.
 127              	.L10:
 135:Core/Src/stm32f4xx_it.c ****   /* USER CODE BEGIN UsageFault_IRQn 0 */
 136:Core/Src/stm32f4xx_it.c **** 
 137:Core/Src/stm32f4xx_it.c ****   /* USER CODE END UsageFault_IRQn 0 */
 138:Core/Src/stm32f4xx_it.c ****   while (1)
 128              		.loc 1 138 3 discriminator 1 view .LVU17
 139:Core/Src/stm32f4xx_it.c ****   {
 140:Core/Src/stm32f4xx_it.c ****     /* USER CODE BEGIN W1_UsageFault_IRQn 0 */
 141:Core/Src/stm32f4xx_it.c ****     /* USER CODE END W1_UsageFault_IRQn 0 */
 142:Core/Src/stm32f4xx_it.c ****   }
 129              		.loc 1 142 3 discriminator 1 view .LVU18
 138:Core/Src/stm32f4xx_it.c ****   {
 130              		.loc 1 138 9 discriminator 1 view .LVU19
 131 0000 FEE7     		b	.L10
 132              		.cfi_endproc
 133              	.LFE134:
 135              		.section	.text.SVC_Handler,"ax",%progbits
 136              		.align	1
 137              		.global	SVC_Handler
 138              		.syntax unified
 139              		.thumb
 140              		.thumb_func
 142              	SVC_Handler:
 143              	.LFB135:
 143:Core/Src/stm32f4xx_it.c **** }
 144:Core/Src/stm32f4xx_it.c **** 
 145:Core/Src/stm32f4xx_it.c **** /**
 146:Core/Src/stm32f4xx_it.c ****   * @brief This function handles System service call via SWI instruction.
 147:Core/Src/stm32f4xx_it.c ****   */
 148:Core/Src/stm32f4xx_it.c **** void SVC_Handler(void)
ARM GAS  C:\Users\pc\AppData\Local\Temp\ccW8LOFC.s 			page 6


 149:Core/Src/stm32f4xx_it.c **** {
 144              		.loc 1 149 1 view -0
 145              		.cfi_startproc
 146              		@ args = 0, pretend = 0, frame = 0
 147              		@ frame_needed = 0, uses_anonymous_args = 0
 148              		@ link register save eliminated.
 150:Core/Src/stm32f4xx_it.c ****   /* USER CODE BEGIN SVCall_IRQn 0 */
 151:Core/Src/stm32f4xx_it.c **** 
 152:Core/Src/stm32f4xx_it.c ****   /* USER CODE END SVCall_IRQn 0 */
 153:Core/Src/stm32f4xx_it.c ****   /* USER CODE BEGIN SVCall_IRQn 1 */
 154:Core/Src/stm32f4xx_it.c **** 
 155:Core/Src/stm32f4xx_it.c ****   /* USER CODE END SVCall_IRQn 1 */
 156:Core/Src/stm32f4xx_it.c **** }
 149              		.loc 1 156 1 view .LVU21
 150 0000 7047     		bx	lr
 151              		.cfi_endproc
 152              	.LFE135:
 154              		.section	.text.DebugMon_Handler,"ax",%progbits
 155              		.align	1
 156              		.global	DebugMon_Handler
 157              		.syntax unified
 158              		.thumb
 159              		.thumb_func
 161              	DebugMon_Handler:
 162              	.LFB136:
 157:Core/Src/stm32f4xx_it.c **** 
 158:Core/Src/stm32f4xx_it.c **** /**
 159:Core/Src/stm32f4xx_it.c ****   * @brief This function handles Debug monitor.
 160:Core/Src/stm32f4xx_it.c ****   */
 161:Core/Src/stm32f4xx_it.c **** void DebugMon_Handler(void)
 162:Core/Src/stm32f4xx_it.c **** {
 163              		.loc 1 162 1 view -0
 164              		.cfi_startproc
 165              		@ args = 0, pretend = 0, frame = 0
 166              		@ frame_needed = 0, uses_anonymous_args = 0
 167              		@ link register save eliminated.
 163:Core/Src/stm32f4xx_it.c ****   /* USER CODE BEGIN DebugMonitor_IRQn 0 */
 164:Core/Src/stm32f4xx_it.c **** 
 165:Core/Src/stm32f4xx_it.c ****   /* USER CODE END DebugMonitor_IRQn 0 */
 166:Core/Src/stm32f4xx_it.c ****   /* USER CODE BEGIN DebugMonitor_IRQn 1 */
 167:Core/Src/stm32f4xx_it.c **** 
 168:Core/Src/stm32f4xx_it.c ****   /* USER CODE END DebugMonitor_IRQn 1 */
 169:Core/Src/stm32f4xx_it.c **** }
 168              		.loc 1 169 1 view .LVU23
 169 0000 7047     		bx	lr
 170              		.cfi_endproc
 171              	.LFE136:
 173              		.section	.text.PendSV_Handler,"ax",%progbits
 174              		.align	1
 175              		.global	PendSV_Handler
 176              		.syntax unified
 177              		.thumb
 178              		.thumb_func
 180              	PendSV_Handler:
 181              	.LFB137:
 170:Core/Src/stm32f4xx_it.c **** 
 171:Core/Src/stm32f4xx_it.c **** /**
ARM GAS  C:\Users\pc\AppData\Local\Temp\ccW8LOFC.s 			page 7


 172:Core/Src/stm32f4xx_it.c ****   * @brief This function handles Pendable request for system service.
 173:Core/Src/stm32f4xx_it.c ****   */
 174:Core/Src/stm32f4xx_it.c **** void PendSV_Handler(void)
 175:Core/Src/stm32f4xx_it.c **** {
 182              		.loc 1 175 1 view -0
 183              		.cfi_startproc
 184              		@ args = 0, pretend = 0, frame = 0
 185              		@ frame_needed = 0, uses_anonymous_args = 0
 186              		@ link register save eliminated.
 176:Core/Src/stm32f4xx_it.c ****   /* USER CODE BEGIN PendSV_IRQn 0 */
 177:Core/Src/stm32f4xx_it.c **** 
 178:Core/Src/stm32f4xx_it.c ****   /* USER CODE END PendSV_IRQn 0 */
 179:Core/Src/stm32f4xx_it.c ****   /* USER CODE BEGIN PendSV_IRQn 1 */
 180:Core/Src/stm32f4xx_it.c **** 
 181:Core/Src/stm32f4xx_it.c ****   /* USER CODE END PendSV_IRQn 1 */
 182:Core/Src/stm32f4xx_it.c **** }
 187              		.loc 1 182 1 view .LVU25
 188 0000 7047     		bx	lr
 189              		.cfi_endproc
 190              	.LFE137:
 192              		.section	.text.SysTick_Handler,"ax",%progbits
 193              		.align	1
 194              		.global	SysTick_Handler
 195              		.syntax unified
 196              		.thumb
 197              		.thumb_func
 199              	SysTick_Handler:
 200              	.LFB138:
 183:Core/Src/stm32f4xx_it.c **** 
 184:Core/Src/stm32f4xx_it.c **** /**
 185:Core/Src/stm32f4xx_it.c ****   * @brief This function handles System tick timer.
 186:Core/Src/stm32f4xx_it.c ****   */
 187:Core/Src/stm32f4xx_it.c **** void SysTick_Handler(void)
 188:Core/Src/stm32f4xx_it.c **** {
 201              		.loc 1 188 1 view -0
 202              		.cfi_startproc
 203              		@ args = 0, pretend = 0, frame = 0
 204              		@ frame_needed = 0, uses_anonymous_args = 0
 205 0000 08B5     		push	{r3, lr}
 206              		.cfi_def_cfa_offset 8
 207              		.cfi_offset 3, -8
 208              		.cfi_offset 14, -4
 189:Core/Src/stm32f4xx_it.c ****   /* USER CODE BEGIN SysTick_IRQn 0 */
 190:Core/Src/stm32f4xx_it.c **** 
 191:Core/Src/stm32f4xx_it.c ****   /* USER CODE END SysTick_IRQn 0 */
 192:Core/Src/stm32f4xx_it.c ****   HAL_IncTick();
 209              		.loc 1 192 3 view .LVU27
 210 0002 FFF7FEFF 		bl	HAL_IncTick
 211              	.LVL0:
 193:Core/Src/stm32f4xx_it.c ****   /* USER CODE BEGIN SysTick_IRQn 1 */
 194:Core/Src/stm32f4xx_it.c **** 
 195:Core/Src/stm32f4xx_it.c ****   /* USER CODE END SysTick_IRQn 1 */
 196:Core/Src/stm32f4xx_it.c **** }
 212              		.loc 1 196 1 is_stmt 0 view .LVU28
 213 0006 08BD     		pop	{r3, pc}
 214              		.cfi_endproc
 215              	.LFE138:
ARM GAS  C:\Users\pc\AppData\Local\Temp\ccW8LOFC.s 			page 8


 217              		.section	.text.DMA1_Stream1_IRQHandler,"ax",%progbits
 218              		.align	1
 219              		.global	DMA1_Stream1_IRQHandler
 220              		.syntax unified
 221              		.thumb
 222              		.thumb_func
 224              	DMA1_Stream1_IRQHandler:
 225              	.LFB139:
 197:Core/Src/stm32f4xx_it.c **** 
 198:Core/Src/stm32f4xx_it.c **** /******************************************************************************/
 199:Core/Src/stm32f4xx_it.c **** /* STM32F4xx Peripheral Interrupt Handlers                                    */
 200:Core/Src/stm32f4xx_it.c **** /* Add here the Interrupt Handlers for the used peripherals.                  */
 201:Core/Src/stm32f4xx_it.c **** /* For the available peripheral interrupt handler names,                      */
 202:Core/Src/stm32f4xx_it.c **** /* please refer to the startup file (startup_stm32f4xx.s).                    */
 203:Core/Src/stm32f4xx_it.c **** /******************************************************************************/
 204:Core/Src/stm32f4xx_it.c **** 
 205:Core/Src/stm32f4xx_it.c **** /**
 206:Core/Src/stm32f4xx_it.c ****   * @brief This function handles DMA1 stream1 global interrupt.
 207:Core/Src/stm32f4xx_it.c ****   */
 208:Core/Src/stm32f4xx_it.c **** void DMA1_Stream1_IRQHandler(void)
 209:Core/Src/stm32f4xx_it.c **** {
 226              		.loc 1 209 1 is_stmt 1 view -0
 227              		.cfi_startproc
 228              		@ args = 0, pretend = 0, frame = 0
 229              		@ frame_needed = 0, uses_anonymous_args = 0
 230 0000 08B5     		push	{r3, lr}
 231              		.cfi_def_cfa_offset 8
 232              		.cfi_offset 3, -8
 233              		.cfi_offset 14, -4
 210:Core/Src/stm32f4xx_it.c ****   /* USER CODE BEGIN DMA1_Stream1_IRQn 0 */
 211:Core/Src/stm32f4xx_it.c **** 
 212:Core/Src/stm32f4xx_it.c ****   /* USER CODE END DMA1_Stream1_IRQn 0 */
 213:Core/Src/stm32f4xx_it.c ****   HAL_DMA_IRQHandler(&hdma_tim2_up_ch3);
 234              		.loc 1 213 3 view .LVU30
 235 0002 0248     		ldr	r0, .L18
 236 0004 FFF7FEFF 		bl	HAL_DMA_IRQHandler
 237              	.LVL1:
 214:Core/Src/stm32f4xx_it.c ****   /* USER CODE BEGIN DMA1_Stream1_IRQn 1 */
 215:Core/Src/stm32f4xx_it.c **** 
 216:Core/Src/stm32f4xx_it.c ****   /* USER CODE END DMA1_Stream1_IRQn 1 */
 217:Core/Src/stm32f4xx_it.c **** }
 238              		.loc 1 217 1 is_stmt 0 view .LVU31
 239 0008 08BD     		pop	{r3, pc}
 240              	.L19:
 241 000a 00BF     		.align	2
 242              	.L18:
 243 000c 00000000 		.word	hdma_tim2_up_ch3
 244              		.cfi_endproc
 245              	.LFE139:
 247              		.section	.text.DMA1_Stream4_IRQHandler,"ax",%progbits
 248              		.align	1
 249              		.global	DMA1_Stream4_IRQHandler
 250              		.syntax unified
 251              		.thumb
 252              		.thumb_func
 254              	DMA1_Stream4_IRQHandler:
 255              	.LFB140:
ARM GAS  C:\Users\pc\AppData\Local\Temp\ccW8LOFC.s 			page 9


 218:Core/Src/stm32f4xx_it.c **** 
 219:Core/Src/stm32f4xx_it.c **** /**
 220:Core/Src/stm32f4xx_it.c ****   * @brief This function handles DMA1 stream4 global interrupt.
 221:Core/Src/stm32f4xx_it.c ****   */
 222:Core/Src/stm32f4xx_it.c **** void DMA1_Stream4_IRQHandler(void)
 223:Core/Src/stm32f4xx_it.c **** {
 256              		.loc 1 223 1 is_stmt 1 view -0
 257              		.cfi_startproc
 258              		@ args = 0, pretend = 0, frame = 0
 259              		@ frame_needed = 0, uses_anonymous_args = 0
 260 0000 08B5     		push	{r3, lr}
 261              		.cfi_def_cfa_offset 8
 262              		.cfi_offset 3, -8
 263              		.cfi_offset 14, -4
 224:Core/Src/stm32f4xx_it.c ****   /* USER CODE BEGIN DMA1_Stream4_IRQn 0 */
 225:Core/Src/stm32f4xx_it.c **** 
 226:Core/Src/stm32f4xx_it.c ****   /* USER CODE END DMA1_Stream4_IRQn 0 */
 227:Core/Src/stm32f4xx_it.c ****   HAL_DMA_IRQHandler(&hdma_tim3_ch1_trig);
 264              		.loc 1 227 3 view .LVU33
 265 0002 0248     		ldr	r0, .L22
 266 0004 FFF7FEFF 		bl	HAL_DMA_IRQHandler
 267              	.LVL2:
 228:Core/Src/stm32f4xx_it.c ****   /* USER CODE BEGIN DMA1_Stream4_IRQn 1 */
 229:Core/Src/stm32f4xx_it.c **** 
 230:Core/Src/stm32f4xx_it.c ****   /* USER CODE END DMA1_Stream4_IRQn 1 */
 231:Core/Src/stm32f4xx_it.c **** }
 268              		.loc 1 231 1 is_stmt 0 view .LVU34
 269 0008 08BD     		pop	{r3, pc}
 270              	.L23:
 271 000a 00BF     		.align	2
 272              	.L22:
 273 000c 00000000 		.word	hdma_tim3_ch1_trig
 274              		.cfi_endproc
 275              	.LFE140:
 277              		.section	.text.DMA1_Stream5_IRQHandler,"ax",%progbits
 278              		.align	1
 279              		.global	DMA1_Stream5_IRQHandler
 280              		.syntax unified
 281              		.thumb
 282              		.thumb_func
 284              	DMA1_Stream5_IRQHandler:
 285              	.LFB141:
 232:Core/Src/stm32f4xx_it.c **** 
 233:Core/Src/stm32f4xx_it.c **** /**
 234:Core/Src/stm32f4xx_it.c ****   * @brief This function handles DMA1 stream5 global interrupt.
 235:Core/Src/stm32f4xx_it.c ****   */
 236:Core/Src/stm32f4xx_it.c **** void DMA1_Stream5_IRQHandler(void)
 237:Core/Src/stm32f4xx_it.c **** {
 286              		.loc 1 237 1 is_stmt 1 view -0
 287              		.cfi_startproc
 288              		@ args = 0, pretend = 0, frame = 0
 289              		@ frame_needed = 0, uses_anonymous_args = 0
 290 0000 08B5     		push	{r3, lr}
 291              		.cfi_def_cfa_offset 8
 292              		.cfi_offset 3, -8
 293              		.cfi_offset 14, -4
 238:Core/Src/stm32f4xx_it.c ****   /* USER CODE BEGIN DMA1_Stream5_IRQn 0 */
ARM GAS  C:\Users\pc\AppData\Local\Temp\ccW8LOFC.s 			page 10


 239:Core/Src/stm32f4xx_it.c **** 
 240:Core/Src/stm32f4xx_it.c ****   /* USER CODE END DMA1_Stream5_IRQn 0 */
 241:Core/Src/stm32f4xx_it.c ****   HAL_DMA_IRQHandler(&hdma_tim3_ch2);
 294              		.loc 1 241 3 view .LVU36
 295 0002 0248     		ldr	r0, .L26
 296 0004 FFF7FEFF 		bl	HAL_DMA_IRQHandler
 297              	.LVL3:
 242:Core/Src/stm32f4xx_it.c ****   /* USER CODE BEGIN DMA1_Stream5_IRQn 1 */
 243:Core/Src/stm32f4xx_it.c **** 
 244:Core/Src/stm32f4xx_it.c ****   /* USER CODE END DMA1_Stream5_IRQn 1 */
 245:Core/Src/stm32f4xx_it.c **** }
 298              		.loc 1 245 1 is_stmt 0 view .LVU37
 299 0008 08BD     		pop	{r3, pc}
 300              	.L27:
 301 000a 00BF     		.align	2
 302              	.L26:
 303 000c 00000000 		.word	hdma_tim3_ch2
 304              		.cfi_endproc
 305              	.LFE141:
 307              		.section	.text.DMA1_Stream6_IRQHandler,"ax",%progbits
 308              		.align	1
 309              		.global	DMA1_Stream6_IRQHandler
 310              		.syntax unified
 311              		.thumb
 312              		.thumb_func
 314              	DMA1_Stream6_IRQHandler:
 315              	.LFB142:
 246:Core/Src/stm32f4xx_it.c **** 
 247:Core/Src/stm32f4xx_it.c **** /**
 248:Core/Src/stm32f4xx_it.c ****   * @brief This function handles DMA1 stream6 global interrupt.
 249:Core/Src/stm32f4xx_it.c ****   */
 250:Core/Src/stm32f4xx_it.c **** void DMA1_Stream6_IRQHandler(void)
 251:Core/Src/stm32f4xx_it.c **** {
 316              		.loc 1 251 1 is_stmt 1 view -0
 317              		.cfi_startproc
 318              		@ args = 0, pretend = 0, frame = 0
 319              		@ frame_needed = 0, uses_anonymous_args = 0
 320 0000 08B5     		push	{r3, lr}
 321              		.cfi_def_cfa_offset 8
 322              		.cfi_offset 3, -8
 323              		.cfi_offset 14, -4
 252:Core/Src/stm32f4xx_it.c ****   /* USER CODE BEGIN DMA1_Stream6_IRQn 0 */
 253:Core/Src/stm32f4xx_it.c **** 
 254:Core/Src/stm32f4xx_it.c ****   /* USER CODE END DMA1_Stream6_IRQn 0 */
 255:Core/Src/stm32f4xx_it.c ****   HAL_DMA_IRQHandler(&hdma_tim2_ch2_ch4);
 324              		.loc 1 255 3 view .LVU39
 325 0002 0248     		ldr	r0, .L30
 326 0004 FFF7FEFF 		bl	HAL_DMA_IRQHandler
 327              	.LVL4:
 256:Core/Src/stm32f4xx_it.c ****   /* USER CODE BEGIN DMA1_Stream6_IRQn 1 */
 257:Core/Src/stm32f4xx_it.c **** 
 258:Core/Src/stm32f4xx_it.c ****   /* USER CODE END DMA1_Stream6_IRQn 1 */
 259:Core/Src/stm32f4xx_it.c **** }
 328              		.loc 1 259 1 is_stmt 0 view .LVU40
 329 0008 08BD     		pop	{r3, pc}
 330              	.L31:
 331 000a 00BF     		.align	2
ARM GAS  C:\Users\pc\AppData\Local\Temp\ccW8LOFC.s 			page 11


 332              	.L30:
 333 000c 00000000 		.word	hdma_tim2_ch2_ch4
 334              		.cfi_endproc
 335              	.LFE142:
 337              		.section	.text.USART1_IRQHandler,"ax",%progbits
 338              		.align	1
 339              		.global	USART1_IRQHandler
 340              		.syntax unified
 341              		.thumb
 342              		.thumb_func
 344              	USART1_IRQHandler:
 345              	.LFB143:
 260:Core/Src/stm32f4xx_it.c **** 
 261:Core/Src/stm32f4xx_it.c **** /**
 262:Core/Src/stm32f4xx_it.c ****   * @brief This function handles USART1 global interrupt.
 263:Core/Src/stm32f4xx_it.c ****   */
 264:Core/Src/stm32f4xx_it.c **** void USART1_IRQHandler(void)
 265:Core/Src/stm32f4xx_it.c **** {
 346              		.loc 1 265 1 is_stmt 1 view -0
 347              		.cfi_startproc
 348              		@ args = 0, pretend = 0, frame = 0
 349              		@ frame_needed = 0, uses_anonymous_args = 0
 350 0000 08B5     		push	{r3, lr}
 351              		.cfi_def_cfa_offset 8
 352              		.cfi_offset 3, -8
 353              		.cfi_offset 14, -4
 266:Core/Src/stm32f4xx_it.c ****   /* USER CODE BEGIN USART1_IRQn 0 */
 267:Core/Src/stm32f4xx_it.c **** 
 268:Core/Src/stm32f4xx_it.c ****   /* USER CODE END USART1_IRQn 0 */
 269:Core/Src/stm32f4xx_it.c ****   HAL_UART_IRQHandler(&huart1);
 354              		.loc 1 269 3 view .LVU42
 355 0002 0248     		ldr	r0, .L34
 356 0004 FFF7FEFF 		bl	HAL_UART_IRQHandler
 357              	.LVL5:
 270:Core/Src/stm32f4xx_it.c ****   /* USER CODE BEGIN USART1_IRQn 1 */
 271:Core/Src/stm32f4xx_it.c **** 
 272:Core/Src/stm32f4xx_it.c ****   /* USER CODE END USART1_IRQn 1 */
 273:Core/Src/stm32f4xx_it.c **** }
 358              		.loc 1 273 1 is_stmt 0 view .LVU43
 359 0008 08BD     		pop	{r3, pc}
 360              	.L35:
 361 000a 00BF     		.align	2
 362              	.L34:
 363 000c 00000000 		.word	huart1
 364              		.cfi_endproc
 365              	.LFE143:
 367              		.text
 368              	.Letext0:
 369              		.file 2 "c:\\users\\pc\\appdata\\roaming\\code\\user\\globalstorage\\bmd.stm32-for-vscode\\@xpack-
 370              		.file 3 "c:\\users\\pc\\appdata\\roaming\\code\\user\\globalstorage\\bmd.stm32-for-vscode\\@xpack-
 371              		.file 4 "Drivers/CMSIS/Device/ST/STM32F4xx/Include/stm32f446xx.h"
 372              		.file 5 "Drivers/STM32F4xx_HAL_Driver/Inc/stm32f4xx_hal_def.h"
 373              		.file 6 "Drivers/STM32F4xx_HAL_Driver/Inc/stm32f4xx_hal_dma.h"
 374              		.file 7 "Drivers/STM32F4xx_HAL_Driver/Inc/stm32f4xx_hal_uart.h"
 375              		.file 8 "Drivers/STM32F4xx_HAL_Driver/Inc/stm32f4xx_hal.h"
ARM GAS  C:\Users\pc\AppData\Local\Temp\ccW8LOFC.s 			page 12


DEFINED SYMBOLS
                            *ABS*:0000000000000000 stm32f4xx_it.c
C:\Users\pc\AppData\Local\Temp\ccW8LOFC.s:21     .text.NMI_Handler:0000000000000000 $t
C:\Users\pc\AppData\Local\Temp\ccW8LOFC.s:27     .text.NMI_Handler:0000000000000000 NMI_Handler
C:\Users\pc\AppData\Local\Temp\ccW8LOFC.s:44     .text.HardFault_Handler:0000000000000000 $t
C:\Users\pc\AppData\Local\Temp\ccW8LOFC.s:50     .text.HardFault_Handler:0000000000000000 HardFault_Handler
C:\Users\pc\AppData\Local\Temp\ccW8LOFC.s:67     .text.MemManage_Handler:0000000000000000 $t
C:\Users\pc\AppData\Local\Temp\ccW8LOFC.s:73     .text.MemManage_Handler:0000000000000000 MemManage_Handler
C:\Users\pc\AppData\Local\Temp\ccW8LOFC.s:90     .text.BusFault_Handler:0000000000000000 $t
C:\Users\pc\AppData\Local\Temp\ccW8LOFC.s:96     .text.BusFault_Handler:0000000000000000 BusFault_Handler
C:\Users\pc\AppData\Local\Temp\ccW8LOFC.s:113    .text.UsageFault_Handler:0000000000000000 $t
C:\Users\pc\AppData\Local\Temp\ccW8LOFC.s:119    .text.UsageFault_Handler:0000000000000000 UsageFault_Handler
C:\Users\pc\AppData\Local\Temp\ccW8LOFC.s:136    .text.SVC_Handler:0000000000000000 $t
C:\Users\pc\AppData\Local\Temp\ccW8LOFC.s:142    .text.SVC_Handler:0000000000000000 SVC_Handler
C:\Users\pc\AppData\Local\Temp\ccW8LOFC.s:155    .text.DebugMon_Handler:0000000000000000 $t
C:\Users\pc\AppData\Local\Temp\ccW8LOFC.s:161    .text.DebugMon_Handler:0000000000000000 DebugMon_Handler
C:\Users\pc\AppData\Local\Temp\ccW8LOFC.s:174    .text.PendSV_Handler:0000000000000000 $t
C:\Users\pc\AppData\Local\Temp\ccW8LOFC.s:180    .text.PendSV_Handler:0000000000000000 PendSV_Handler
C:\Users\pc\AppData\Local\Temp\ccW8LOFC.s:193    .text.SysTick_Handler:0000000000000000 $t
C:\Users\pc\AppData\Local\Temp\ccW8LOFC.s:199    .text.SysTick_Handler:0000000000000000 SysTick_Handler
C:\Users\pc\AppData\Local\Temp\ccW8LOFC.s:218    .text.DMA1_Stream1_IRQHandler:0000000000000000 $t
C:\Users\pc\AppData\Local\Temp\ccW8LOFC.s:224    .text.DMA1_Stream1_IRQHandler:0000000000000000 DMA1_Stream1_IRQHandler
C:\Users\pc\AppData\Local\Temp\ccW8LOFC.s:243    .text.DMA1_Stream1_IRQHandler:000000000000000c $d
C:\Users\pc\AppData\Local\Temp\ccW8LOFC.s:248    .text.DMA1_Stream4_IRQHandler:0000000000000000 $t
C:\Users\pc\AppData\Local\Temp\ccW8LOFC.s:254    .text.DMA1_Stream4_IRQHandler:0000000000000000 DMA1_Stream4_IRQHandler
C:\Users\pc\AppData\Local\Temp\ccW8LOFC.s:273    .text.DMA1_Stream4_IRQHandler:000000000000000c $d
C:\Users\pc\AppData\Local\Temp\ccW8LOFC.s:278    .text.DMA1_Stream5_IRQHandler:0000000000000000 $t
C:\Users\pc\AppData\Local\Temp\ccW8LOFC.s:284    .text.DMA1_Stream5_IRQHandler:0000000000000000 DMA1_Stream5_IRQHandler
C:\Users\pc\AppData\Local\Temp\ccW8LOFC.s:303    .text.DMA1_Stream5_IRQHandler:000000000000000c $d
C:\Users\pc\AppData\Local\Temp\ccW8LOFC.s:308    .text.DMA1_Stream6_IRQHandler:0000000000000000 $t
C:\Users\pc\AppData\Local\Temp\ccW8LOFC.s:314    .text.DMA1_Stream6_IRQHandler:0000000000000000 DMA1_Stream6_IRQHandler
C:\Users\pc\AppData\Local\Temp\ccW8LOFC.s:333    .text.DMA1_Stream6_IRQHandler:000000000000000c $d
C:\Users\pc\AppData\Local\Temp\ccW8LOFC.s:338    .text.USART1_IRQHandler:0000000000000000 $t
C:\Users\pc\AppData\Local\Temp\ccW8LOFC.s:344    .text.USART1_IRQHandler:0000000000000000 USART1_IRQHandler
C:\Users\pc\AppData\Local\Temp\ccW8LOFC.s:363    .text.USART1_IRQHandler:000000000000000c $d

UNDEFINED SYMBOLS
HAL_IncTick
HAL_DMA_IRQHandler
hdma_tim2_up_ch3
hdma_tim3_ch1_trig
hdma_tim3_ch2
hdma_tim2_ch2_ch4
HAL_UART_IRQHandler
huart1
